{"/Users/jonathanrodgers/_game_projects/tradingbot/backend/src/index.ts": {"path":"/Users/jonathanrodgers/_game_projects/tradingbot/backend/src/index.ts","statementMap":{"0":{"start":{"line":1,"column":0},"end":{"line":1,"column":30}},"1":{"start":{"line":2,"column":0},"end":{"line":2,"column":24}},"2":{"start":{"line":3,"column":0},"end":{"line":3,"column":37}},"3":{"start":{"line":5,"column":12},"end":{"line":5,"column":21}},"4":{"start":{"line":6,"column":13},"end":{"line":6,"column":37}},"5":{"start":{"line":9,"column":0},"end":{"line":33,"column":4}},"6":{"start":{"line":12,"column":8},"end":{"line":12,"column":49}},"7":{"start":{"line":12,"column":21},"end":{"line":12,"column":49}},"8":{"start":{"line":15,"column":8},"end":{"line":17,"column":9}},"9":{"start":{"line":16,"column":12},"end":{"line":16,"column":40}},"10":{"start":{"line":20,"column":31},"end":{"line":23,"column":10}},"11":{"start":{"line":25,"column":8},"end":{"line":27,"column":9}},"12":{"start":{"line":26,"column":12},"end":{"line":26,"column":40}},"13":{"start":{"line":30,"column":8},"end":{"line":30,"column":51}},"14":{"start":{"line":34,"column":0},"end":{"line":34,"column":24}},"15":{"start":{"line":37,"column":0},"end":{"line":40,"column":3}},"16":{"start":{"line":38,"column":4},"end":{"line":38,"column":75}},"17":{"start":{"line":39,"column":4},"end":{"line":39,"column":11}},"18":{"start":{"line":43,"column":0},"end":{"line":43,"column":27}},"19":{"start":{"line":46,"column":0},"end":{"line":56,"column":3}},"20":{"start":{"line":47,"column":4},"end":{"line":55,"column":7}},"21":{"start":{"line":59,"column":0},"end":{"line":66,"column":3}},"22":{"start":{"line":60,"column":4},"end":{"line":60,"column":63}},"23":{"start":{"line":61,"column":4},"end":{"line":65,"column":7}},"24":{"start":{"line":69,"column":0},"end":{"line":72,"column":3}},"25":{"start":{"line":70,"column":4},"end":{"line":70,"column":70}},"26":{"start":{"line":71,"column":4},"end":{"line":71,"column":68}},"27":{"start":{"line":74,"column":0},"end":{"line":74,"column":19}}},"fnMap":{"0":{"name":"(anonymous_1)","decl":{"start":{"line":10,"column":12},"end":{"line":10,"column":13}},"loc":{"start":{"line":10,"column":33},"end":{"line":31,"column":5}}},"1":{"name":"(anonymous_2)","decl":{"start":{"line":37,"column":8},"end":{"line":37,"column":9}},"loc":{"start":{"line":37,"column":27},"end":{"line":40,"column":1}}},"2":{"name":"(anonymous_3)","decl":{"start":{"line":46,"column":13},"end":{"line":46,"column":14}},"loc":{"start":{"line":46,"column":26},"end":{"line":56,"column":1}}},"3":{"name":"(anonymous_4)","decl":{"start":{"line":59,"column":8},"end":{"line":59,"column":9}},"loc":{"start":{"line":59,"column":94},"end":{"line":66,"column":1}}},"4":{"name":"(anonymous_5)","decl":{"start":{"line":69,"column":17},"end":{"line":69,"column":20}},"loc":{"start":{"line":69,"column":22},"end":{"line":72,"column":1}}}},"branchMap":{"0":{"loc":{"start":{"line":6,"column":13},"end":{"line":6,"column":37}},"type":"binary-expr","locations":[{"start":{"line":6,"column":13},"end":{"line":6,"column":29}},{"start":{"line":6,"column":33},"end":{"line":6,"column":37}}]},"1":{"loc":{"start":{"line":12,"column":8},"end":{"line":12,"column":49}},"type":"if","locations":[{"start":{"line":12,"column":8},"end":{"line":12,"column":49}}]},"2":{"loc":{"start":{"line":15,"column":8},"end":{"line":17,"column":9}},"type":"if","locations":[{"start":{"line":15,"column":8},"end":{"line":17,"column":9}}]},"3":{"loc":{"start":{"line":15,"column":12},"end":{"line":15,"column":93}},"type":"binary-expr","locations":[{"start":{"line":15,"column":12},"end":{"line":15,"column":50}},{"start":{"line":15,"column":54},"end":{"line":15,"column":93}}]},"4":{"loc":{"start":{"line":25,"column":8},"end":{"line":27,"column":9}},"type":"if","locations":[{"start":{"line":25,"column":8},"end":{"line":27,"column":9}}]},"5":{"loc":{"start":{"line":63,"column":17},"end":{"line":63,"column":94}},"type":"cond-expr","locations":[{"start":{"line":63,"column":58},"end":{"line":63,"column":69}},{"start":{"line":63,"column":72},"end":{"line":63,"column":94}}]}},"s":{"0":1,"1":1,"2":1,"3":1,"4":1,"5":1,"6":9,"7":9,"8":0,"9":0,"10":0,"11":0,"12":0,"13":0,"14":1,"15":1,"16":9,"17":9,"18":1,"19":1,"20":0,"21":1,"22":0,"23":0,"24":1,"25":1,"26":1,"27":1},"f":{"0":9,"1":9,"2":0,"3":0,"4":1},"b":{"0":[1,1],"1":[9],"2":[0],"3":[0,0],"4":[0],"5":[0,0]}}
,"/Users/jonathanrodgers/_game_projects/tradingbot/backend/src/routes/api.ts": {"path":"/Users/jonathanrodgers/_game_projects/tradingbot/backend/src/routes/api.ts","statementMap":{"0":{"start":{"line":1,"column":0},"end":{"line":1,"column":30}},"1":{"start":{"line":2,"column":0},"end":{"line":2,"column":50}},"2":{"start":{"line":3,"column":0},"end":{"line":3,"column":70}},"3":{"start":{"line":4,"column":0},"end":{"line":4,"column":60}},"4":{"start":{"line":6,"column":15},"end":{"line":6,"column":31}},"5":{"start":{"line":9,"column":24},"end":{"line":9,"column":51}},"6":{"start":{"line":11,"column":23},"end":{"line":11,"column":52}},"7":{"start":{"line":14,"column":0},"end":{"line":20,"column":3}},"8":{"start":{"line":15,"column":4},"end":{"line":19,"column":7}},"9":{"start":{"line":23,"column":0},"end":{"line":33,"column":3}},"10":{"start":{"line":24,"column":4},"end":{"line":32,"column":5}},"11":{"start":{"line":25,"column":23},"end":{"line":25,"column":54}},"12":{"start":{"line":26,"column":8},"end":{"line":26,"column":25}},"13":{"start":{"line":28,"column":8},"end":{"line":31,"column":11}},"14":{"start":{"line":36,"column":0},"end":{"line":43,"column":3}},"15":{"start":{"line":37,"column":4},"end":{"line":42,"column":7}},"16":{"start":{"line":46,"column":0},"end":{"line":75,"column":3}},"17":{"start":{"line":47,"column":4},"end":{"line":47,"column":71}},"18":{"start":{"line":48,"column":4},"end":{"line":74,"column":5}},"19":{"start":{"line":49,"column":28},"end":{"line":49,"column":51}},"20":{"start":{"line":51,"column":8},"end":{"line":68,"column":11}},"21":{"start":{"line":70,"column":8},"end":{"line":73,"column":11}},"22":{"start":{"line":78,"column":0},"end":{"line":84,"column":3}},"23":{"start":{"line":79,"column":4},"end":{"line":83,"column":7}},"24":{"start":{"line":87,"column":0},"end":{"line":111,"column":3}},"25":{"start":{"line":88,"column":23},"end":{"line":88,"column":33}},"26":{"start":{"line":90,"column":4},"end":{"line":110,"column":5}},"27":{"start":{"line":92,"column":26},"end":{"line":102,"column":10}},"28":{"start":{"line":104,"column":8},"end":{"line":104,"column":28}},"29":{"start":{"line":106,"column":8},"end":{"line":109,"column":11}},"30":{"start":{"line":114,"column":0},"end":{"line":154,"column":3}},"31":{"start":{"line":115,"column":23},"end":{"line":115,"column":33}},"32":{"start":{"line":117,"column":4},"end":{"line":153,"column":5}},"33":{"start":{"line":119,"column":21},"end":{"line":119,"column":23}},"34":{"start":{"line":120,"column":26},"end":{"line":120,"column":29}},"35":{"start":{"line":121,"column":26},"end":{"line":121,"column":66}},"36":{"start":{"line":123,"column":8},"end":{"line":139,"column":9}},"37":{"start":{"line":123,"column":21},"end":{"line":123,"column":22}},"38":{"start":{"line":124,"column":25},"end":{"line":124,"column":62}},"39":{"start":{"line":125,"column":25},"end":{"line":125,"column":60}},"40":{"start":{"line":126,"column":26},"end":{"line":126,"column":54}},"41":{"start":{"line":127,"column":25},"end":{"line":127,"column":66}},"42":{"start":{"line":128,"column":24},"end":{"line":128,"column":65}},"43":{"start":{"line":129,"column":27},"end":{"line":129,"column":62}},"44":{"start":{"line":131,"column":12},"end":{"line":138,"column":15}},"45":{"start":{"line":141,"column":8},"end":{"line":147,"column":11}},"46":{"start":{"line":149,"column":8},"end":{"line":152,"column":11}},"47":{"start":{"line":157,"column":0},"end":{"line":186,"column":3}},"48":{"start":{"line":158,"column":4},"end":{"line":185,"column":5}},"49":{"start":{"line":160,"column":26},"end":{"line":169,"column":10}},"50":{"start":{"line":172,"column":8},"end":{"line":179,"column":11}},"51":{"start":{"line":181,"column":8},"end":{"line":184,"column":11}},"52":{"start":{"line":188,"column":0},"end":{"line":188,"column":22}}},"fnMap":{"0":{"name":"(anonymous_1)","decl":{"start":{"line":14,"column":22},"end":{"line":14,"column":23}},"loc":{"start":{"line":14,"column":35},"end":{"line":20,"column":1}}},"1":{"name":"(anonymous_2)","decl":{"start":{"line":23,"column":25},"end":{"line":23,"column":26}},"loc":{"start":{"line":23,"column":38},"end":{"line":33,"column":1}}},"2":{"name":"(anonymous_3)","decl":{"start":{"line":36,"column":32},"end":{"line":36,"column":33}},"loc":{"start":{"line":36,"column":45},"end":{"line":43,"column":1}}},"3":{"name":"(anonymous_4)","decl":{"start":{"line":46,"column":30},"end":{"line":46,"column":31}},"loc":{"start":{"line":46,"column":43},"end":{"line":75,"column":1}}},"4":{"name":"(anonymous_5)","decl":{"start":{"line":78,"column":20},"end":{"line":78,"column":21}},"loc":{"start":{"line":78,"column":33},"end":{"line":84,"column":1}}},"5":{"name":"(anonymous_6)","decl":{"start":{"line":87,"column":36},"end":{"line":87,"column":37}},"loc":{"start":{"line":87,"column":49},"end":{"line":111,"column":1}}},"6":{"name":"(anonymous_7)","decl":{"start":{"line":114,"column":38},"end":{"line":114,"column":39}},"loc":{"start":{"line":114,"column":51},"end":{"line":154,"column":1}}},"7":{"name":"(anonymous_8)","decl":{"start":{"line":157,"column":33},"end":{"line":157,"column":34}},"loc":{"start":{"line":157,"column":46},"end":{"line":186,"column":1}}}},"branchMap":{"0":{"loc":{"start":{"line":30,"column":21},"end":{"line":30,"column":77}},"type":"cond-expr","locations":[{"start":{"line":30,"column":46},"end":{"line":30,"column":59}},{"start":{"line":30,"column":62},"end":{"line":30,"column":77}}]},"1":{"loc":{"start":{"line":56,"column":20},"end":{"line":56,"column":62}},"type":"cond-expr","locations":[{"start":{"line":56,"column":34},"end":{"line":56,"column":45}},{"start":{"line":56,"column":48},"end":{"line":56,"column":62}}]},"2":{"loc":{"start":{"line":72,"column":21},"end":{"line":72,"column":77}},"type":"cond-expr","locations":[{"start":{"line":72,"column":46},"end":{"line":72,"column":59}},{"start":{"line":72,"column":62},"end":{"line":72,"column":77}}]},"3":{"loc":{"start":{"line":108,"column":21},"end":{"line":108,"column":77}},"type":"cond-expr","locations":[{"start":{"line":108,"column":46},"end":{"line":108,"column":59}},{"start":{"line":108,"column":62},"end":{"line":108,"column":77}}]},"4":{"loc":{"start":{"line":151,"column":21},"end":{"line":151,"column":77}},"type":"cond-expr","locations":[{"start":{"line":151,"column":46},"end":{"line":151,"column":59}},{"start":{"line":151,"column":62},"end":{"line":151,"column":77}}]},"5":{"loc":{"start":{"line":183,"column":21},"end":{"line":183,"column":77}},"type":"cond-expr","locations":[{"start":{"line":183,"column":46},"end":{"line":183,"column":59}},{"start":{"line":183,"column":62},"end":{"line":183,"column":77}}]}},"s":{"0":2,"1":2,"2":2,"3":2,"4":2,"5":2,"6":2,"7":2,"8":5,"9":2,"10":2,"11":2,"12":2,"13":0,"14":2,"15":1,"16":2,"17":5,"18":5,"19":5,"20":5,"21":0,"22":2,"23":0,"24":2,"25":5,"26":5,"27":5,"28":5,"29":0,"30":2,"31":4,"32":4,"33":4,"34":4,"35":4,"36":4,"37":4,"38":400,"39":400,"40":400,"41":400,"42":400,"43":400,"44":400,"45":4,"46":0,"47":2,"48":3,"49":3,"50":3,"51":0,"52":2},"f":{"0":5,"1":2,"2":1,"3":5,"4":0,"5":5,"6":4,"7":3},"b":{"0":[0,0],"1":[0,5],"2":[0,0],"3":[0,0],"4":[0,0],"5":[0,0]}}
,"/Users/jonathanrodgers/_game_projects/tradingbot/backend/src/services/ibClientPortalService.ts": {"path":"/Users/jonathanrodgers/_game_projects/tradingbot/backend/src/services/ibClientPortalService.ts","statementMap":{"0":{"start":{"line":1,"column":0},"end":{"line":1,"column":45}},"1":{"start":{"line":2,"column":0},"end":{"line":2,"column":26}},"2":{"start":{"line":51,"column":12},"end":{"line":54,"column":6}},"3":{"start":{"line":56,"column":12},"end":{"line":60,"column":6}},"4":{"start":{"line":64,"column":8},"end":{"line":70,"column":11}},"5":{"start":{"line":72,"column":8},"end":{"line":72,"column":86}},"6":{"start":{"line":79,"column":8},"end":{"line":103,"column":9}},"7":{"start":{"line":80,"column":29},"end":{"line":80,"column":74}},"8":{"start":{"line":82,"column":12},"end":{"line":86,"column":14}},"9":{"start":{"line":88,"column":12},"end":{"line":92,"column":13}},"10":{"start":{"line":89,"column":16},"end":{"line":89,"column":79}},"11":{"start":{"line":91,"column":16},"end":{"line":91,"column":86}},"12":{"start":{"line":95,"column":33},"end":{"line":95,"column":89}},"13":{"start":{"line":96,"column":12},"end":{"line":101,"column":14}},"14":{"start":{"line":102,"column":12},"end":{"line":102,"column":77}},"15":{"start":{"line":105,"column":8},"end":{"line":105,"column":37}},"16":{"start":{"line":112,"column":8},"end":{"line":124,"column":9}},"17":{"start":{"line":113,"column":29},"end":{"line":113,"column":79}},"18":{"start":{"line":115,"column":12},"end":{"line":118,"column":13}},"19":{"start":{"line":116,"column":16},"end":{"line":116,"column":45}},"20":{"start":{"line":117,"column":16},"end":{"line":117,"column":59}},"21":{"start":{"line":120,"column":12},"end":{"line":120,"column":25}},"22":{"start":{"line":122,"column":12},"end":{"line":122,"column":63}},"23":{"start":{"line":123,"column":12},"end":{"line":123,"column":25}},"24":{"start":{"line":131,"column":8},"end":{"line":137,"column":9}},"25":{"start":{"line":132,"column":12},"end":{"line":132,"column":46}},"26":{"start":{"line":133,"column":12},"end":{"line":133,"column":24}},"27":{"start":{"line":135,"column":12},"end":{"line":135,"column":61}},"28":{"start":{"line":136,"column":12},"end":{"line":136,"column":25}},"29":{"start":{"line":144,"column":8},"end":{"line":146,"column":9}},"30":{"start":{"line":145,"column":12},"end":{"line":145,"column":68}},"31":{"start":{"line":148,"column":8},"end":{"line":154,"column":9}},"32":{"start":{"line":149,"column":29},"end":{"line":149,"column":93}},"33":{"start":{"line":150,"column":12},"end":{"line":150,"column":39}},"34":{"start":{"line":152,"column":12},"end":{"line":152,"column":76}},"35":{"start":{"line":153,"column":12},"end":{"line":153,"column":24}},"36":{"start":{"line":161,"column":8},"end":{"line":163,"column":9}},"37":{"start":{"line":162,"column":12},"end":{"line":162,"column":68}},"38":{"start":{"line":165,"column":8},"end":{"line":185,"column":9}},"39":{"start":{"line":166,"column":29},"end":{"line":166,"column":127}},"40":{"start":{"line":167,"column":25},"end":{"line":167,"column":47}},"41":{"start":{"line":169,"column":12},"end":{"line":181,"column":14}},"42":{"start":{"line":183,"column":12},"end":{"line":183,"column":77}},"43":{"start":{"line":184,"column":12},"end":{"line":184,"column":24}},"44":{"start":{"line":191,"column":35},"end":{"line":203,"column":null}},"45":{"start":{"line":192,"column":8},"end":{"line":194,"column":9}},"46":{"start":{"line":193,"column":12},"end":{"line":193,"column":68}},"47":{"start":{"line":196,"column":8},"end":{"line":202,"column":9}},"48":{"start":{"line":197,"column":29},"end":{"line":197,"column":124}},"49":{"start":{"line":198,"column":12},"end":{"line":198,"column":44}},"50":{"start":{"line":200,"column":12},"end":{"line":200,"column":81}},"51":{"start":{"line":201,"column":12},"end":{"line":201,"column":24}},"52":{"start":{"line":209,"column":8},"end":{"line":211,"column":9}},"53":{"start":{"line":210,"column":12},"end":{"line":210,"column":68}},"54":{"start":{"line":213,"column":8},"end":{"line":238,"column":9}},"55":{"start":{"line":214,"column":30},"end":{"line":220,"column":null}},"56":{"start":{"line":223,"column":29},"end":{"line":225,"column":14}},"57":{"start":{"line":227,"column":27},"end":{"line":227,"column":49}},"58":{"start":{"line":229,"column":12},"end":{"line":233,"column":14}},"59":{"start":{"line":236,"column":12},"end":{"line":236,"column":62}},"60":{"start":{"line":237,"column":12},"end":{"line":237,"column":24}},"61":{"start":{"line":245,"column":8},"end":{"line":247,"column":9}},"62":{"start":{"line":246,"column":12},"end":{"line":246,"column":68}},"63":{"start":{"line":249,"column":8},"end":{"line":255,"column":9}},"64":{"start":{"line":250,"column":29},"end":{"line":250,"column":73}},"65":{"start":{"line":251,"column":12},"end":{"line":251,"column":33}},"66":{"start":{"line":253,"column":12},"end":{"line":253,"column":62}},"67":{"start":{"line":254,"column":12},"end":{"line":254,"column":24}},"68":{"start":{"line":262,"column":8},"end":{"line":264,"column":9}},"69":{"start":{"line":263,"column":12},"end":{"line":263,"column":68}},"70":{"start":{"line":266,"column":8},"end":{"line":272,"column":9}},"71":{"start":{"line":267,"column":29},"end":{"line":267,"column":89}},"72":{"start":{"line":268,"column":12},"end":{"line":268,"column":39}},"73":{"start":{"line":270,"column":12},"end":{"line":270,"column":62}},"74":{"start":{"line":271,"column":12},"end":{"line":271,"column":24}},"75":{"start":{"line":279,"column":8},"end":{"line":279,"column":86}},"76":{"start":{"line":286,"column":8},"end":{"line":286,"column":44}},"77":{"start":{"line":293,"column":8},"end":{"line":299,"column":18}},"78":{"start":{"line":293,"column":38},"end":{"line":299,"column":11}},"79":{"start":{"line":294,"column":12},"end":{"line":298,"column":13}},"80":{"start":{"line":295,"column":16},"end":{"line":295,"column":36}},"81":{"start":{"line":297,"column":16},"end":{"line":297,"column":61}},"82":{"start":{"line":303,"column":0},"end":{"line":303,"column":37}}},"fnMap":{"0":{"name":"(anonymous_8)","decl":{"start":{"line":62,"column":4},"end":{"line":62,"column":null}},"loc":{"start":{"line":62,"column":4},"end":{"line":73,"column":5}}},"1":{"name":"(anonymous_9)","decl":{"start":{"line":78,"column":17},"end":{"line":78,"column":32}},"loc":{"start":{"line":78,"column":32},"end":{"line":106,"column":null}}},"2":{"name":"(anonymous_11)","decl":{"start":{"line":111,"column":17},"end":{"line":111,"column":31}},"loc":{"start":{"line":111,"column":31},"end":{"line":125,"column":null}}},"3":{"name":"(anonymous_13)","decl":{"start":{"line":130,"column":17},"end":{"line":130,"column":23}},"loc":{"start":{"line":130,"column":23},"end":{"line":138,"column":null}}},"4":{"name":"(anonymous_15)","decl":{"start":{"line":143,"column":17},"end":{"line":143,"column":32}},"loc":{"start":{"line":143,"column":47},"end":{"line":155,"column":null}}},"5":{"name":"(anonymous_17)","decl":{"start":{"line":160,"column":17},"end":{"line":160,"column":34}},"loc":{"start":{"line":160,"column":48},"end":{"line":186,"column":null}}},"6":{"name":"(anonymous_19)","decl":{"start":{"line":191,"column":17},"end":{"line":191,"column":34}},"loc":{"start":{"line":191,"column":34},"end":{"line":203,"column":null}}},"7":{"name":"(anonymous_20)","decl":{"start":{"line":191,"column":35},"end":{"line":191,"column":48}},"loc":{"start":{"line":191,"column":93},"end":{"line":203,"column":5}}},"8":{"name":"(anonymous_21)","decl":{"start":{"line":208,"column":17},"end":{"line":208,"column":27}},"loc":{"start":{"line":208,"column":66},"end":{"line":239,"column":null}}},"9":{"name":"(anonymous_23)","decl":{"start":{"line":244,"column":17},"end":{"line":244,"column":34}},"loc":{"start":{"line":244,"column":34},"end":{"line":256,"column":null}}},"10":{"name":"(anonymous_25)","decl":{"start":{"line":261,"column":17},"end":{"line":261,"column":29}},"loc":{"start":{"line":261,"column":47},"end":{"line":273,"column":null}}},"11":{"name":"(anonymous_27)","decl":{"start":{"line":278,"column":11},"end":{"line":278,"column":26}},"loc":{"start":{"line":278,"column":26},"end":{"line":280,"column":5}}},"12":{"name":"(anonymous_28)","decl":{"start":{"line":285,"column":11},"end":{"line":285,"column":30}},"loc":{"start":{"line":285,"column":30},"end":{"line":287,"column":5}}},"13":{"name":"(anonymous_29)","decl":{"start":{"line":292,"column":11},"end":{"line":292,"column":25}},"loc":{"start":{"line":292,"column":25},"end":{"line":300,"column":5}}},"14":{"name":"(anonymous_30)","decl":{"start":{"line":293,"column":27},"end":{"line":293,"column":36}},"loc":{"start":{"line":293,"column":38},"end":{"line":299,"column":11}}},"15":{"name":"(anonymous_31)","decl":{"start":{"line":293,"column":38},"end":{"line":293,"column":null}},"loc":{"start":{"line":293,"column":38},"end":{"line":299,"column":9}}}},"branchMap":{"0":{"loc":{"start":{"line":52,"column":17},"end":{"line":52,"column":77}},"type":"binary-expr","locations":[{"start":{"line":52,"column":17},"end":{"line":52,"column":42}},{"start":{"line":52,"column":46},"end":{"line":52,"column":77}}]},"1":{"loc":{"start":{"line":83,"column":31},"end":{"line":83,"column":67}},"type":"binary-expr","locations":[{"start":{"line":83,"column":31},"end":{"line":83,"column":58}},{"start":{"line":83,"column":62},"end":{"line":83,"column":67}}]},"2":{"loc":{"start":{"line":84,"column":27},"end":{"line":84,"column":59}},"type":"binary-expr","locations":[{"start":{"line":84,"column":27},"end":{"line":84,"column":50}},{"start":{"line":84,"column":54},"end":{"line":84,"column":59}}]},"3":{"loc":{"start":{"line":88,"column":12},"end":{"line":92,"column":13}},"type":"if","locations":[{"start":{"line":88,"column":12},"end":{"line":92,"column":13}},{"start":{"line":90,"column":19},"end":{"line":92,"column":13}}]},"4":{"loc":{"start":{"line":88,"column":16},"end":{"line":88,"column":86}},"type":"binary-expr","locations":[{"start":{"line":88,"column":16},"end":{"line":88,"column":51}},{"start":{"line":88,"column":55},"end":{"line":88,"column":86}}]},"5":{"loc":{"start":{"line":95,"column":33},"end":{"line":95,"column":89}},"type":"cond-expr","locations":[{"start":{"line":95,"column":58},"end":{"line":95,"column":71}},{"start":{"line":95,"column":74},"end":{"line":95,"column":89}}]},"6":{"loc":{"start":{"line":115,"column":12},"end":{"line":118,"column":13}},"type":"if","locations":[{"start":{"line":115,"column":12},"end":{"line":118,"column":13}}]},"7":{"loc":{"start":{"line":144,"column":8},"end":{"line":146,"column":9}},"type":"if","locations":[{"start":{"line":144,"column":8},"end":{"line":146,"column":9}}]},"8":{"loc":{"start":{"line":150,"column":19},"end":{"line":150,"column":38}},"type":"binary-expr","locations":[{"start":{"line":150,"column":19},"end":{"line":150,"column":32}},{"start":{"line":150,"column":36},"end":{"line":150,"column":38}}]},"9":{"loc":{"start":{"line":161,"column":8},"end":{"line":163,"column":9}},"type":"if","locations":[{"start":{"line":161,"column":8},"end":{"line":163,"column":9}}]},"10":{"loc":{"start":{"line":167,"column":25},"end":{"line":167,"column":47}},"type":"binary-expr","locations":[{"start":{"line":167,"column":25},"end":{"line":167,"column":41}},{"start":{"line":167,"column":45},"end":{"line":167,"column":47}}]},"11":{"loc":{"start":{"line":170,"column":24},"end":{"line":170,"column":48}},"type":"binary-expr","locations":[{"start":{"line":170,"column":24},"end":{"line":170,"column":35}},{"start":{"line":170,"column":39},"end":{"line":170,"column":48}}]},"12":{"loc":{"start":{"line":172,"column":21},"end":{"line":172,"column":39}},"type":"binary-expr","locations":[{"start":{"line":172,"column":21},"end":{"line":172,"column":31}},{"start":{"line":172,"column":35},"end":{"line":172,"column":39}}]},"13":{"loc":{"start":{"line":173,"column":21},"end":{"line":173,"column":39}},"type":"binary-expr","locations":[{"start":{"line":173,"column":21},"end":{"line":173,"column":31}},{"start":{"line":173,"column":35},"end":{"line":173,"column":39}}]},"14":{"loc":{"start":{"line":174,"column":22},"end":{"line":174,"column":40}},"type":"binary-expr","locations":[{"start":{"line":174,"column":22},"end":{"line":174,"column":32}},{"start":{"line":174,"column":36},"end":{"line":174,"column":40}}]},"15":{"loc":{"start":{"line":175,"column":24},"end":{"line":175,"column":42}},"type":"binary-expr","locations":[{"start":{"line":175,"column":24},"end":{"line":175,"column":34}},{"start":{"line":175,"column":38},"end":{"line":175,"column":42}}]},"16":{"loc":{"start":{"line":176,"column":31},"end":{"line":176,"column":49}},"type":"binary-expr","locations":[{"start":{"line":176,"column":31},"end":{"line":176,"column":41}},{"start":{"line":176,"column":45},"end":{"line":176,"column":49}}]},"17":{"loc":{"start":{"line":177,"column":24},"end":{"line":177,"column":44}},"type":"binary-expr","locations":[{"start":{"line":177,"column":24},"end":{"line":177,"column":36}},{"start":{"line":177,"column":40},"end":{"line":177,"column":44}}]},"18":{"loc":{"start":{"line":191,"column":50},"end":{"line":191,"column":71}},"type":"default-arg","locations":[{"start":{"line":191,"column":67},"end":{"line":191,"column":71}}]},"19":{"loc":{"start":{"line":191,"column":73},"end":{"line":191,"column":93}},"type":"default-arg","locations":[{"start":{"line":191,"column":87},"end":{"line":191,"column":93}}]},"20":{"loc":{"start":{"line":192,"column":8},"end":{"line":194,"column":9}},"type":"if","locations":[{"start":{"line":192,"column":8},"end":{"line":194,"column":9}}]},"21":{"loc":{"start":{"line":198,"column":19},"end":{"line":198,"column":43}},"type":"binary-expr","locations":[{"start":{"line":198,"column":19},"end":{"line":198,"column":37}},{"start":{"line":198,"column":41},"end":{"line":198,"column":43}}]},"22":{"loc":{"start":{"line":209,"column":8},"end":{"line":211,"column":9}},"type":"if","locations":[{"start":{"line":209,"column":8},"end":{"line":211,"column":9}}]},"23":{"loc":{"start":{"line":219,"column":20},"end":{"line":219,"column":57}},"type":"binary-expr","locations":[{"start":{"line":219,"column":20},"end":{"line":219,"column":31}},{"start":{"line":219,"column":35},"end":{"line":219,"column":57}}]},"24":{"loc":{"start":{"line":220,"column":20},"end":{"line":220,"column":68}},"type":"binary-expr","locations":[{"start":{"line":220,"column":20},"end":{"line":220,"column":35}},{"start":{"line":220,"column":39},"end":{"line":220,"column":68}}]},"25":{"loc":{"start":{"line":227,"column":27},"end":{"line":227,"column":49}},"type":"binary-expr","locations":[{"start":{"line":227,"column":27},"end":{"line":227,"column":43}},{"start":{"line":227,"column":47},"end":{"line":227,"column":49}}]},"26":{"loc":{"start":{"line":230,"column":25},"end":{"line":230,"column":66}},"type":"binary-expr","locations":[{"start":{"line":230,"column":25},"end":{"line":230,"column":40}},{"start":{"line":230,"column":44},"end":{"line":230,"column":53}},{"start":{"line":230,"column":57},"end":{"line":230,"column":66}}]},"27":{"loc":{"start":{"line":231,"column":24},"end":{"line":231,"column":56}},"type":"binary-expr","locations":[{"start":{"line":231,"column":24},"end":{"line":231,"column":43}},{"start":{"line":231,"column":47},"end":{"line":231,"column":56}}]},"28":{"loc":{"start":{"line":245,"column":8},"end":{"line":247,"column":9}},"type":"if","locations":[{"start":{"line":245,"column":8},"end":{"line":247,"column":9}}]},"29":{"loc":{"start":{"line":262,"column":8},"end":{"line":264,"column":9}},"type":"if","locations":[{"start":{"line":262,"column":8},"end":{"line":264,"column":9}}]},"30":{"loc":{"start":{"line":268,"column":19},"end":{"line":268,"column":38}},"type":"binary-expr","locations":[{"start":{"line":268,"column":19},"end":{"line":268,"column":32}},{"start":{"line":268,"column":36},"end":{"line":268,"column":38}}]},"31":{"loc":{"start":{"line":279,"column":15},"end":{"line":279,"column":85}},"type":"binary-expr","locations":[{"start":{"line":279,"column":15},"end":{"line":279,"column":50}},{"start":{"line":279,"column":54},"end":{"line":279,"column":85}}]}},"s":{"0":3,"1":3,"2":23,"3":23,"4":23,"5":23,"6":5,"7":5,"8":2,"9":2,"10":2,"11":0,"12":3,"13":3,"14":3,"15":5,"16":2,"17":2,"18":1,"19":1,"20":1,"21":0,"22":1,"23":1,"24":2,"25":2,"26":1,"27":1,"28":1,"29":3,"30":1,"31":2,"32":2,"33":1,"34":1,"35":1,"36":2,"37":1,"38":1,"39":1,"40":1,"41":1,"42":0,"43":0,"44":2,"45":2,"46":1,"47":1,"48":1,"49":1,"50":0,"51":0,"52":0,"53":0,"54":0,"55":0,"56":0,"57":0,"58":0,"59":0,"60":0,"61":0,"62":0,"63":0,"64":0,"65":0,"66":0,"67":0,"68":0,"69":0,"70":0,"71":0,"72":0,"73":0,"74":0,"75":9,"76":1,"77":1,"78":0,"79":0,"80":0,"81":0,"82":3},"f":{"0":23,"1":5,"2":2,"3":2,"4":3,"5":2,"6":2,"7":2,"8":0,"9":0,"10":0,"11":9,"12":1,"13":1,"14":0,"15":0},"b":{"0":[23,23],"1":[2,0],"2":[2,0],"3":[2,0],"4":[2,2],"5":[1,2],"6":[1],"7":[1],"8":[1,0],"9":[1],"10":[1,0],"11":[1,0],"12":[1,0],"13":[1,0],"14":[1,0],"15":[1,1],"16":[1,1],"17":[1,0],"18":[1],"19":[1],"20":[1],"21":[1,0],"22":[0],"23":[0,0],"24":[0,0],"25":[0,0],"26":[0,0,0],"27":[0,0],"28":[0],"29":[0],"30":[0,0],"31":[9,5]}}
,"/Users/jonathanrodgers/_game_projects/tradingbot/backend/src/services/ibService.ts": {"path":"/Users/jonathanrodgers/_game_projects/tradingbot/backend/src/services/ibService.ts","statementMap":{"0":{"start":{"line":1,"column":0},"end":{"line":1,"column":86}},"1":{"start":{"line":29,"column":12},"end":{"line":29,"column":36}},"2":{"start":{"line":30,"column":12},"end":{"line":33,"column":6}},"3":{"start":{"line":35,"column":12},"end":{"line":39,"column":6}},"4":{"start":{"line":42,"column":12},"end":{"line":48,"column":9}},"5":{"start":{"line":49,"column":12},"end":{"line":49,"column":26}},"6":{"start":{"line":52,"column":8},"end":{"line":56,"column":11}},"7":{"start":{"line":63,"column":8},"end":{"line":110,"column":9}},"8":{"start":{"line":64,"column":12},"end":{"line":67,"column":13}},"9":{"start":{"line":65,"column":16},"end":{"line":65,"column":87}},"10":{"start":{"line":66,"column":16},"end":{"line":66,"column":40}},"11":{"start":{"line":69,"column":12},"end":{"line":69,"column":61}},"12":{"start":{"line":72,"column":12},"end":{"line":76,"column":15}},"13":{"start":{"line":79,"column":12},"end":{"line":79,"column":38}},"14":{"start":{"line":82,"column":12},"end":{"line":82,"column":30}},"15":{"start":{"line":85,"column":30},"end":{"line":85,"column":64}},"16":{"start":{"line":87,"column":12},"end":{"line":100,"column":13}},"17":{"start":{"line":88,"column":16},"end":{"line":91,"column":18}},"18":{"start":{"line":92,"column":16},"end":{"line":92,"column":62}},"19":{"start":{"line":94,"column":16},"end":{"line":98,"column":18}},"20":{"start":{"line":99,"column":16},"end":{"line":99,"column":66}},"21":{"start":{"line":103,"column":33},"end":{"line":103,"column":89}},"22":{"start":{"line":104,"column":12},"end":{"line":108,"column":14}},"23":{"start":{"line":109,"column":12},"end":{"line":109,"column":66}},"24":{"start":{"line":112,"column":8},"end":{"line":112,"column":37}},"25":{"start":{"line":119,"column":8},"end":{"line":131,"column":9}},"26":{"start":{"line":120,"column":12},"end":{"line":130,"column":13}},"27":{"start":{"line":121,"column":16},"end":{"line":121,"column":37}},"28":{"start":{"line":122,"column":16},"end":{"line":122,"column":31}},"29":{"start":{"line":123,"column":16},"end":{"line":126,"column":18}},"30":{"start":{"line":127,"column":16},"end":{"line":127,"column":55}},"31":{"start":{"line":129,"column":16},"end":{"line":129,"column":71}},"32":{"start":{"line":138,"column":8},"end":{"line":138,"column":44}},"33":{"start":{"line":145,"column":8},"end":{"line":145,"column":67}},"34":{"start":{"line":152,"column":8},"end":{"line":152,"column":23}},"35":{"start":{"line":158,"column":32},"end":{"line":210,"column":null}},"36":{"start":{"line":159,"column":8},"end":{"line":161,"column":9}},"37":{"start":{"line":160,"column":12},"end":{"line":160,"column":51}},"38":{"start":{"line":163,"column":8},"end":{"line":209,"column":11}},"39":{"start":{"line":164,"column":26},"end":{"line":164,"column":42}},"40":{"start":{"line":167,"column":39},"end":{"line":172,"column":14}},"41":{"start":{"line":175,"column":48},"end":{"line":180,"column":14}},"42":{"start":{"line":183,"column":28},"end":{"line":189,"column":21}},"43":{"start":{"line":184,"column":16},"end":{"line":184,"column":54}},"44":{"start":{"line":185,"column":16},"end":{"line":187,"column":17}},"45":{"start":{"line":186,"column":20},"end":{"line":186,"column":49}},"46":{"start":{"line":188,"column":16},"end":{"line":188,"column":79}},"47":{"start":{"line":192,"column":12},"end":{"line":198,"column":15}},"48":{"start":{"line":200,"column":12},"end":{"line":208,"column":13}},"49":{"start":{"line":202,"column":16},"end":{"line":202,"column":71}},"50":{"start":{"line":203,"column":16},"end":{"line":203,"column":89}},"51":{"start":{"line":205,"column":16},"end":{"line":205,"column":38}},"52":{"start":{"line":206,"column":16},"end":{"line":206,"column":54}},"53":{"start":{"line":207,"column":16},"end":{"line":207,"column":30}},"54":{"start":{"line":216,"column":8},"end":{"line":218,"column":9}},"55":{"start":{"line":217,"column":12},"end":{"line":217,"column":51}},"56":{"start":{"line":222,"column":40},"end":{"line":229,"column":10}},"57":{"start":{"line":231,"column":8},"end":{"line":231,"column":44}},"58":{"start":{"line":238,"column":8},"end":{"line":238,"column":29}},"59":{"start":{"line":238,"column":22},"end":{"line":238,"column":29}},"60":{"start":{"line":241,"column":8},"end":{"line":245,"column":11}},"61":{"start":{"line":242,"column":12},"end":{"line":242,"column":47}},"62":{"start":{"line":243,"column":12},"end":{"line":243,"column":51}},"63":{"start":{"line":244,"column":12},"end":{"line":244,"column":72}},"64":{"start":{"line":247,"column":8},"end":{"line":251,"column":11}},"65":{"start":{"line":248,"column":12},"end":{"line":248,"column":50}},"66":{"start":{"line":249,"column":12},"end":{"line":249,"column":52}},"67":{"start":{"line":250,"column":12},"end":{"line":250,"column":72}},"68":{"start":{"line":254,"column":8},"end":{"line":263,"column":11}},"69":{"start":{"line":255,"column":12},"end":{"line":255,"column":87}},"70":{"start":{"line":258,"column":12},"end":{"line":262,"column":13}},"71":{"start":{"line":259,"column":16},"end":{"line":259,"column":56}},"72":{"start":{"line":260,"column":16},"end":{"line":260,"column":58}},"73":{"start":{"line":261,"column":16},"end":{"line":261,"column":76}},"74":{"start":{"line":266,"column":8},"end":{"line":268,"column":11}},"75":{"start":{"line":267,"column":12},"end":{"line":267,"column":96}},"76":{"start":{"line":271,"column":8},"end":{"line":273,"column":11}},"77":{"start":{"line":272,"column":12},"end":{"line":272,"column":62}},"78":{"start":{"line":276,"column":8},"end":{"line":298,"column":11}},"79":{"start":{"line":277,"column":28},"end":{"line":277,"column":62}},"80":{"start":{"line":278,"column":12},"end":{"line":278,"column":33}},"81":{"start":{"line":278,"column":26},"end":{"line":278,"column":33}},"82":{"start":{"line":281,"column":12},"end":{"line":294,"column":13}},"83":{"start":{"line":283,"column":20},"end":{"line":283,"column":46}},"84":{"start":{"line":284,"column":20},"end":{"line":284,"column":26}},"85":{"start":{"line":286,"column":20},"end":{"line":286,"column":46}},"86":{"start":{"line":287,"column":20},"end":{"line":287,"column":26}},"87":{"start":{"line":289,"column":20},"end":{"line":289,"column":47}},"88":{"start":{"line":290,"column":20},"end":{"line":290,"column":26}},"89":{"start":{"line":292,"column":20},"end":{"line":292,"column":48}},"90":{"start":{"line":293,"column":20},"end":{"line":293,"column":26}},"91":{"start":{"line":297,"column":12},"end":{"line":297,"column":45}},"92":{"start":{"line":315,"column":8},"end":{"line":329,"column":11}},"93":{"start":{"line":316,"column":30},"end":{"line":316,"column":40}},"94":{"start":{"line":318,"column":36},"end":{"line":326,"column":13}},"95":{"start":{"line":319,"column":16},"end":{"line":325,"column":17}},"96":{"start":{"line":320,"column":20},"end":{"line":320,"column":34}},"97":{"start":{"line":321,"column":23},"end":{"line":325,"column":17}},"98":{"start":{"line":322,"column":20},"end":{"line":322,"column":35}},"99":{"start":{"line":324,"column":20},"end":{"line":324,"column":53}},"100":{"start":{"line":328,"column":12},"end":{"line":328,"column":30}},"101":{"start":{"line":336,"column":24},"end":{"line":336,"column":58}},"102":{"start":{"line":337,"column":8},"end":{"line":337,"column":29}},"103":{"start":{"line":337,"column":22},"end":{"line":337,"column":29}},"104":{"start":{"line":339,"column":22},"end":{"line":339,"column":35}},"105":{"start":{"line":342,"column":8},"end":{"line":365,"column":9}},"106":{"start":{"line":343,"column":12},"end":{"line":343,"column":42}},"107":{"start":{"line":344,"column":12},"end":{"line":344,"column":50}},"108":{"start":{"line":347,"column":12},"end":{"line":349,"column":13}},"109":{"start":{"line":348,"column":16},"end":{"line":348,"column":45}},"110":{"start":{"line":352,"column":44},"end":{"line":362,"column":14}},"111":{"start":{"line":364,"column":12},"end":{"line":364,"column":40}},"112":{"start":{"line":370,"column":13},"end":{"line":370,"column":41}},"113":{"start":{"line":371,"column":0},"end":{"line":371,"column":25}}},"fnMap":{"0":{"name":"(anonymous_7)","decl":{"start":{"line":51,"column":4},"end":{"line":51,"column":null}},"loc":{"start":{"line":51,"column":4},"end":{"line":57,"column":5}}},"1":{"name":"(anonymous_8)","decl":{"start":{"line":62,"column":17},"end":{"line":62,"column":24}},"loc":{"start":{"line":62,"column":24},"end":{"line":113,"column":null}}},"2":{"name":"(anonymous_10)","decl":{"start":{"line":118,"column":17},"end":{"line":118,"column":27}},"loc":{"start":{"line":118,"column":27},"end":{"line":132,"column":null}}},"3":{"name":"(anonymous_12)","decl":{"start":{"line":137,"column":11},"end":{"line":137,"column":30}},"loc":{"start":{"line":137,"column":30},"end":{"line":139,"column":5}}},"4":{"name":"(anonymous_13)","decl":{"start":{"line":144,"column":11},"end":{"line":144,"column":22}},"loc":{"start":{"line":144,"column":22},"end":{"line":146,"column":5}}},"5":{"name":"(anonymous_14)","decl":{"start":{"line":151,"column":11},"end":{"line":151,"column":19}},"loc":{"start":{"line":151,"column":19},"end":{"line":153,"column":5}}},"6":{"name":"(anonymous_15)","decl":{"start":{"line":158,"column":17},"end":{"line":158,"column":31}},"loc":{"start":{"line":158,"column":31},"end":{"line":210,"column":null}}},"7":{"name":"(anonymous_16)","decl":{"start":{"line":158,"column":32},"end":{"line":158,"column":46}},"loc":{"start":{"line":158,"column":100},"end":{"line":210,"column":5}}},"8":{"name":"(anonymous_17)","decl":{"start":{"line":163,"column":27},"end":{"line":163,"column":28}},"loc":{"start":{"line":163,"column":47},"end":{"line":209,"column":9}}},"9":{"name":"(anonymous_18)","decl":{"start":{"line":183,"column":39},"end":{"line":183,"column":42}},"loc":{"start":{"line":183,"column":44},"end":{"line":189,"column":13}}},"10":{"name":"(anonymous_19)","decl":{"start":{"line":215,"column":17},"end":{"line":215,"column":29}},"loc":{"start":{"line":215,"column":45},"end":{"line":232,"column":null}}},"11":{"name":"(anonymous_21)","decl":{"start":{"line":237,"column":12},"end":{"line":237,"column":30}},"loc":{"start":{"line":237,"column":30},"end":{"line":309,"column":5}}},"12":{"name":"(anonymous_22)","decl":{"start":{"line":241,"column":40},"end":{"line":241,"column":43}},"loc":{"start":{"line":241,"column":45},"end":{"line":245,"column":9}}},"13":{"name":"(anonymous_23)","decl":{"start":{"line":247,"column":43},"end":{"line":247,"column":46}},"loc":{"start":{"line":247,"column":48},"end":{"line":251,"column":9}}},"14":{"name":"(anonymous_24)","decl":{"start":{"line":254,"column":36},"end":{"line":254,"column":37}},"loc":{"start":{"line":254,"column":83},"end":{"line":263,"column":9}}},"15":{"name":"(anonymous_25)","decl":{"start":{"line":266,"column":37},"end":{"line":266,"column":38}},"loc":{"start":{"line":266,"column":81},"end":{"line":268,"column":9}}},"16":{"name":"(anonymous_26)","decl":{"start":{"line":271,"column":42},"end":{"line":271,"column":43}},"loc":{"start":{"line":271,"column":62},"end":{"line":273,"column":9}}},"17":{"name":"(anonymous_27)","decl":{"start":{"line":276,"column":40},"end":{"line":276,"column":41}},"loc":{"start":{"line":276,"column":91},"end":{"line":298,"column":9}}},"18":{"name":"(anonymous_28)","decl":{"start":{"line":314,"column":12},"end":{"line":314,"column":29}},"loc":{"start":{"line":314,"column":47},"end":{"line":330,"column":5}}},"19":{"name":"(anonymous_29)","decl":{"start":{"line":315,"column":27},"end":{"line":315,"column":28}},"loc":{"start":{"line":315,"column":39},"end":{"line":329,"column":9}}},"20":{"name":"(anonymous_30)","decl":{"start":{"line":318,"column":36},"end":{"line":318,"column":39}},"loc":{"start":{"line":318,"column":41},"end":{"line":326,"column":13}}},"21":{"name":"(anonymous_31)","decl":{"start":{"line":335,"column":12},"end":{"line":335,"column":32}},"loc":{"start":{"line":335,"column":46},"end":{"line":366,"column":5}}}},"branchMap":{"0":{"loc":{"start":{"line":36,"column":14},"end":{"line":36,"column":48}},"type":"binary-expr","locations":[{"start":{"line":36,"column":14},"end":{"line":36,"column":33}},{"start":{"line":36,"column":37},"end":{"line":36,"column":48}}]},"1":{"loc":{"start":{"line":37,"column":23},"end":{"line":37,"column":52}},"type":"binary-expr","locations":[{"start":{"line":37,"column":23},"end":{"line":37,"column":42}},{"start":{"line":37,"column":46},"end":{"line":37,"column":52}}]},"2":{"loc":{"start":{"line":38,"column":27},"end":{"line":38,"column":58}},"type":"binary-expr","locations":[{"start":{"line":38,"column":27},"end":{"line":38,"column":51}},{"start":{"line":38,"column":55},"end":{"line":38,"column":58}}]},"3":{"loc":{"start":{"line":64,"column":12},"end":{"line":67,"column":13}},"type":"if","locations":[{"start":{"line":64,"column":12},"end":{"line":67,"column":13}}]},"4":{"loc":{"start":{"line":87,"column":12},"end":{"line":100,"column":13}},"type":"if","locations":[{"start":{"line":87,"column":12},"end":{"line":100,"column":13}},{"start":{"line":93,"column":19},"end":{"line":100,"column":13}}]},"5":{"loc":{"start":{"line":103,"column":33},"end":{"line":103,"column":89}},"type":"cond-expr","locations":[{"start":{"line":103,"column":58},"end":{"line":103,"column":71}},{"start":{"line":103,"column":74},"end":{"line":103,"column":89}}]},"6":{"loc":{"start":{"line":119,"column":8},"end":{"line":131,"column":9}},"type":"if","locations":[{"start":{"line":119,"column":8},"end":{"line":131,"column":9}}]},"7":{"loc":{"start":{"line":145,"column":15},"end":{"line":145,"column":66}},"type":"binary-expr","locations":[{"start":{"line":145,"column":15},"end":{"line":145,"column":46}},{"start":{"line":145,"column":50},"end":{"line":145,"column":66}}]},"8":{"loc":{"start":{"line":158,"column":48},"end":{"line":158,"column":74}},"type":"default-arg","locations":[{"start":{"line":158,"column":67},"end":{"line":158,"column":74}}]},"9":{"loc":{"start":{"line":158,"column":76},"end":{"line":158,"column":100}},"type":"default-arg","locations":[{"start":{"line":158,"column":95},"end":{"line":158,"column":100}}]},"10":{"loc":{"start":{"line":159,"column":8},"end":{"line":161,"column":9}},"type":"if","locations":[{"start":{"line":159,"column":8},"end":{"line":161,"column":9}}]},"11":{"loc":{"start":{"line":159,"column":12},"end":{"line":159,"column":43}},"type":"binary-expr","locations":[{"start":{"line":159,"column":12},"end":{"line":159,"column":31}},{"start":{"line":159,"column":35},"end":{"line":159,"column":43}}]},"12":{"loc":{"start":{"line":185,"column":16},"end":{"line":187,"column":17}},"type":"if","locations":[{"start":{"line":185,"column":16},"end":{"line":187,"column":17}}]},"13":{"loc":{"start":{"line":216,"column":8},"end":{"line":218,"column":9}},"type":"if","locations":[{"start":{"line":216,"column":8},"end":{"line":218,"column":9}}]},"14":{"loc":{"start":{"line":216,"column":12},"end":{"line":216,"column":43}},"type":"binary-expr","locations":[{"start":{"line":216,"column":12},"end":{"line":216,"column":31}},{"start":{"line":216,"column":35},"end":{"line":216,"column":43}}]},"15":{"loc":{"start":{"line":238,"column":8},"end":{"line":238,"column":29}},"type":"if","locations":[{"start":{"line":238,"column":8},"end":{"line":238,"column":29}}]},"16":{"loc":{"start":{"line":258,"column":12},"end":{"line":262,"column":13}},"type":"if","locations":[{"start":{"line":258,"column":12},"end":{"line":262,"column":13}}]},"17":{"loc":{"start":{"line":258,"column":16},"end":{"line":258,"column":83}},"type":"binary-expr","locations":[{"start":{"line":258,"column":16},"end":{"line":258,"column":47}},{"start":{"line":258,"column":51},"end":{"line":258,"column":83}}]},"18":{"loc":{"start":{"line":278,"column":12},"end":{"line":278,"column":33}},"type":"if","locations":[{"start":{"line":278,"column":12},"end":{"line":278,"column":33}}]},"19":{"loc":{"start":{"line":281,"column":12},"end":{"line":294,"column":13}},"type":"switch","locations":[{"start":{"line":282,"column":16},"end":{"line":284,"column":26}},{"start":{"line":285,"column":16},"end":{"line":287,"column":26}},{"start":{"line":288,"column":16},"end":{"line":290,"column":26}},{"start":{"line":291,"column":16},"end":{"line":293,"column":26}}]},"20":{"loc":{"start":{"line":319,"column":16},"end":{"line":325,"column":17}},"type":"if","locations":[{"start":{"line":319,"column":16},"end":{"line":325,"column":17}},{"start":{"line":321,"column":23},"end":{"line":325,"column":17}}]},"21":{"loc":{"start":{"line":321,"column":23},"end":{"line":325,"column":17}},"type":"if","locations":[{"start":{"line":321,"column":23},"end":{"line":325,"column":17}},{"start":{"line":323,"column":23},"end":{"line":325,"column":17}}]},"22":{"loc":{"start":{"line":337,"column":8},"end":{"line":337,"column":29}},"type":"if","locations":[{"start":{"line":337,"column":8},"end":{"line":337,"column":29}}]},"23":{"loc":{"start":{"line":342,"column":8},"end":{"line":365,"column":9}},"type":"if","locations":[{"start":{"line":342,"column":8},"end":{"line":365,"column":9}}]},"24":{"loc":{"start":{"line":342,"column":12},"end":{"line":342,"column":90}},"type":"binary-expr","locations":[{"start":{"line":342,"column":12},"end":{"line":342,"column":35}},{"start":{"line":342,"column":39},"end":{"line":342,"column":62}},{"start":{"line":342,"column":66},"end":{"line":342,"column":90}}]},"25":{"loc":{"start":{"line":347,"column":12},"end":{"line":349,"column":13}},"type":"if","locations":[{"start":{"line":347,"column":12},"end":{"line":349,"column":13}}]},"26":{"loc":{"start":{"line":353,"column":24},"end":{"line":353,"column":54}},"type":"binary-expr","locations":[{"start":{"line":353,"column":24},"end":{"line":353,"column":36}},{"start":{"line":353,"column":40},"end":{"line":353,"column":54}}]},"27":{"loc":{"start":{"line":354,"column":26},"end":{"line":354,"column":51}},"type":"binary-expr","locations":[{"start":{"line":354,"column":26},"end":{"line":354,"column":40}},{"start":{"line":354,"column":44},"end":{"line":354,"column":51}}]},"28":{"loc":{"start":{"line":355,"column":26},"end":{"line":355,"column":49}},"type":"binary-expr","locations":[{"start":{"line":355,"column":26},"end":{"line":355,"column":40}},{"start":{"line":355,"column":44},"end":{"line":355,"column":49}}]},"29":{"loc":{"start":{"line":356,"column":21},"end":{"line":356,"column":38}},"type":"binary-expr","locations":[{"start":{"line":356,"column":21},"end":{"line":356,"column":30}},{"start":{"line":356,"column":34},"end":{"line":356,"column":38}}]},"30":{"loc":{"start":{"line":357,"column":21},"end":{"line":357,"column":38}},"type":"binary-expr","locations":[{"start":{"line":357,"column":21},"end":{"line":357,"column":30}},{"start":{"line":357,"column":34},"end":{"line":357,"column":38}}]},"31":{"loc":{"start":{"line":358,"column":22},"end":{"line":358,"column":40}},"type":"binary-expr","locations":[{"start":{"line":358,"column":22},"end":{"line":358,"column":32}},{"start":{"line":358,"column":36},"end":{"line":358,"column":40}}]},"32":{"loc":{"start":{"line":359,"column":23},"end":{"line":359,"column":42}},"type":"binary-expr","locations":[{"start":{"line":359,"column":23},"end":{"line":359,"column":34}},{"start":{"line":359,"column":38},"end":{"line":359,"column":42}}]},"33":{"loc":{"start":{"line":360,"column":24},"end":{"line":360,"column":44}},"type":"binary-expr","locations":[{"start":{"line":360,"column":24},"end":{"line":360,"column":36}},{"start":{"line":360,"column":40},"end":{"line":360,"column":44}}]},"34":{"loc":{"start":{"line":361,"column":28},"end":{"line":361,"column":72}},"type":"binary-expr","locations":[{"start":{"line":361,"column":28},"end":{"line":361,"column":44}},{"start":{"line":361,"column":48},"end":{"line":361,"column":72}}]}},"s":{"0":2,"1":2,"2":2,"3":2,"4":2,"5":2,"6":2,"7":0,"8":0,"9":0,"10":0,"11":0,"12":0,"13":0,"14":0,"15":0,"16":0,"17":0,"18":0,"19":0,"20":0,"21":0,"22":0,"23":0,"24":0,"25":0,"26":0,"27":0,"28":0,"29":0,"30":0,"31":0,"32":2,"33":5,"34":0,"35":0,"36":0,"37":0,"38":0,"39":0,"40":0,"41":0,"42":0,"43":0,"44":0,"45":0,"46":0,"47":0,"48":0,"49":0,"50":0,"51":0,"52":0,"53":0,"54":0,"55":0,"56":0,"57":0,"58":0,"59":0,"60":0,"61":0,"62":0,"63":0,"64":0,"65":0,"66":0,"67":0,"68":0,"69":0,"70":0,"71":0,"72":0,"73":0,"74":0,"75":0,"76":0,"77":0,"78":0,"79":0,"80":0,"81":0,"82":0,"83":0,"84":0,"85":0,"86":0,"87":0,"88":0,"89":0,"90":0,"91":0,"92":0,"93":0,"94":0,"95":0,"96":0,"97":0,"98":0,"99":0,"100":0,"101":0,"102":0,"103":0,"104":0,"105":0,"106":0,"107":0,"108":0,"109":0,"110":0,"111":0,"112":2,"113":2},"f":{"0":2,"1":0,"2":0,"3":2,"4":5,"5":0,"6":0,"7":0,"8":0,"9":0,"10":0,"11":0,"12":0,"13":0,"14":0,"15":0,"16":0,"17":0,"18":0,"19":0,"20":0,"21":0},"b":{"0":[2,2],"1":[2,2],"2":[2,2],"3":[0],"4":[0,0],"5":[0,0],"6":[0],"7":[5,0],"8":[0],"9":[0],"10":[0],"11":[0,0],"12":[0],"13":[0],"14":[0,0],"15":[0],"16":[0],"17":[0,0],"18":[0],"19":[0,0,0,0],"20":[0,0],"21":[0,0],"22":[0],"23":[0],"24":[0,0,0],"25":[0],"26":[0,0],"27":[0,0],"28":[0,0],"29":[0,0],"30":[0,0],"31":[0,0],"32":[0,0],"33":[0,0],"34":[0,0]}}
,"/Users/jonathanrodgers/_game_projects/tradingbot/backend/src/services/strategyEngine.ts": {"path":"/Users/jonathanrodgers/_game_projects/tradingbot/backend/src/services/strategyEngine.ts","statementMap":{"0":{"start":{"line":54,"column":12},"end":{"line":54,"column":36}},"1":{"start":{"line":55,"column":12},"end":{"line":55,"column":36}},"2":{"start":{"line":56,"column":12},"end":{"line":56,"column":49}},"3":{"start":{"line":57,"column":12},"end":{"line":57,"column":33}},"4":{"start":{"line":58,"column":12},"end":{"line":58,"column":38}},"5":{"start":{"line":61,"column":8},"end":{"line":61,"column":29}},"6":{"start":{"line":66,"column":8},"end":{"line":66,"column":43}},"7":{"start":{"line":66,"column":34},"end":{"line":66,"column":43}},"8":{"start":{"line":68,"column":27},"end":{"line":68,"column":46}},"9":{"start":{"line":69,"column":26},"end":{"line":69,"column":27}},"10":{"start":{"line":70,"column":31},"end":{"line":70,"column":32}},"11":{"start":{"line":72,"column":8},"end":{"line":76,"column":9}},"12":{"start":{"line":73,"column":33},"end":{"line":73,"column":69}},"13":{"start":{"line":74,"column":12},"end":{"line":74,"column":58}},"14":{"start":{"line":75,"column":12},"end":{"line":75,"column":38}},"15":{"start":{"line":78,"column":8},"end":{"line":78,"column":68}},"16":{"start":{"line":84,"column":8},"end":{"line":85,"column":72}},"17":{"start":{"line":90,"column":8},"end":{"line":90,"column":48}},"18":{"start":{"line":90,"column":35},"end":{"line":90,"column":48}},"19":{"start":{"line":96,"column":8},"end":{"line":98,"column":60}},"20":{"start":{"line":103,"column":29},"end":{"line":103,"column":60}},"21":{"start":{"line":104,"column":23},"end":{"line":104,"column":74}},"22":{"start":{"line":107,"column":26},"end":{"line":107,"column":56}},"23":{"start":{"line":108,"column":33},"end":{"line":108,"column":92}},"24":{"start":{"line":110,"column":8},"end":{"line":110,"column":50}},"25":{"start":{"line":115,"column":8},"end":{"line":115,"column":31}},"26":{"start":{"line":118,"column":8},"end":{"line":120,"column":9}},"27":{"start":{"line":119,"column":12},"end":{"line":119,"column":33}},"28":{"start":{"line":122,"column":28},"end":{"line":122,"column":84}},"29":{"start":{"line":123,"column":8},"end":{"line":123,"column":40}},"30":{"start":{"line":125,"column":8},"end":{"line":127,"column":9}},"31":{"start":{"line":126,"column":12},"end":{"line":126,"column":34}},"32":{"start":{"line":129,"column":29},"end":{"line":129,"column":38}},"33":{"start":{"line":130,"column":29},"end":{"line":130,"column":109}},"34":{"start":{"line":133,"column":8},"end":{"line":157,"column":9}},"35":{"start":{"line":134,"column":29},"end":{"line":134,"column":76}},"36":{"start":{"line":135,"column":31},"end":{"line":135,"column":113}},"37":{"start":{"line":136,"column":29},"end":{"line":136,"column":79}},"38":{"start":{"line":138,"column":12},"end":{"line":156,"column":13}},"39":{"start":{"line":139,"column":37},"end":{"line":150,"column":18}},"40":{"start":{"line":152,"column":16},"end":{"line":152,"column":45}},"41":{"start":{"line":153,"column":16},"end":{"line":153,"column":40}},"42":{"start":{"line":155,"column":16},"end":{"line":155,"column":50}},"43":{"start":{"line":160,"column":8},"end":{"line":175,"column":9}},"44":{"start":{"line":161,"column":30},"end":{"line":161,"column":42}},"45":{"start":{"line":162,"column":24},"end":{"line":162,"column":101}},"46":{"start":{"line":163,"column":30},"end":{"line":163,"column":60}},"47":{"start":{"line":165,"column":12},"end":{"line":165,"column":55}},"48":{"start":{"line":166,"column":12},"end":{"line":166,"column":58}},"49":{"start":{"line":167,"column":12},"end":{"line":167,"column":51}},"50":{"start":{"line":168,"column":12},"end":{"line":168,"column":43}},"51":{"start":{"line":169,"column":12},"end":{"line":169,"column":55}},"52":{"start":{"line":171,"column":23},"end":{"line":171,"column":53}},"53":{"start":{"line":172,"column":12},"end":{"line":172,"column":40}},"54":{"start":{"line":174,"column":12},"end":{"line":174,"column":45}},"55":{"start":{"line":177,"column":8},"end":{"line":177,"column":34}},"56":{"start":{"line":182,"column":8},"end":{"line":182,"column":29}},"57":{"start":{"line":183,"column":8},"end":{"line":183,"column":74}},"58":{"start":{"line":187,"column":8},"end":{"line":187,"column":30}},"59":{"start":{"line":188,"column":8},"end":{"line":188,"column":74}},"60":{"start":{"line":192,"column":8},"end":{"line":196,"column":10}},"61":{"start":{"line":200,"column":8},"end":{"line":200,"column":32}},"62":{"start":{"line":204,"column":29},"end":{"line":204,"column":75}},"63":{"start":{"line":204,"column":53},"end":{"line":204,"column":74}},"64":{"start":{"line":205,"column":30},"end":{"line":205,"column":72}},"65":{"start":{"line":205,"column":55},"end":{"line":205,"column":71}},"66":{"start":{"line":206,"column":29},"end":{"line":206,"column":71}},"67":{"start":{"line":206,"column":54},"end":{"line":206,"column":70}},"68":{"start":{"line":208,"column":25},"end":{"line":208,"column":79}},"69":{"start":{"line":208,"column":57},"end":{"line":208,"column":75}},"70":{"start":{"line":209,"column":23},"end":{"line":210,"column":94}},"71":{"start":{"line":210,"column":45},"end":{"line":210,"column":63}},"72":{"start":{"line":211,"column":24},"end":{"line":212,"column":102}},"73":{"start":{"line":212,"column":53},"end":{"line":212,"column":71}},"74":{"start":{"line":214,"column":8},"end":{"line":224,"column":10}},"75":{"start":{"line":52,"column":0},"end":{"line":52,"column":13}},"76":{"start":{"line":230,"column":12},"end":{"line":230,"column":62}},"77":{"start":{"line":231,"column":12},"end":{"line":231,"column":39}},"78":{"start":{"line":234,"column":8},"end":{"line":234,"column":43}},"79":{"start":{"line":239,"column":25},"end":{"line":239,"column":49}},"80":{"start":{"line":240,"column":8},"end":{"line":240,"column":46}},"81":{"start":{"line":241,"column":8},"end":{"line":241,"column":60}},"82":{"start":{"line":246,"column":25},"end":{"line":246,"column":52}},"83":{"start":{"line":247,"column":8},"end":{"line":251,"column":9}},"84":{"start":{"line":248,"column":12},"end":{"line":248,"column":28}},"85":{"start":{"line":249,"column":12},"end":{"line":249,"column":43}},"86":{"start":{"line":250,"column":12},"end":{"line":250,"column":62}},"87":{"start":{"line":256,"column":8},"end":{"line":256,"column":30}},"88":{"start":{"line":257,"column":8},"end":{"line":259,"column":9}},"89":{"start":{"line":258,"column":12},"end":{"line":258,"column":29}},"90":{"start":{"line":260,"column":8},"end":{"line":260,"column":74}},"91":{"start":{"line":265,"column":8},"end":{"line":265,"column":31}},"92":{"start":{"line":266,"column":8},"end":{"line":268,"column":9}},"93":{"start":{"line":267,"column":12},"end":{"line":267,"column":28}},"94":{"start":{"line":269,"column":8},"end":{"line":269,"column":79}},"95":{"start":{"line":274,"column":25},"end":{"line":274,"column":52}},"96":{"start":{"line":275,"column":8},"end":{"line":285,"column":9}},"97":{"start":{"line":276,"column":27},"end":{"line":276,"column":51}},"98":{"start":{"line":278,"column":12},"end":{"line":284,"column":13}},"99":{"start":{"line":279,"column":16},"end":{"line":279,"column":76}},"100":{"start":{"line":280,"column":16},"end":{"line":280,"column":48}},"101":{"start":{"line":281,"column":19},"end":{"line":284,"column":13}},"102":{"start":{"line":282,"column":16},"end":{"line":282,"column":75}},"103":{"start":{"line":283,"column":16},"end":{"line":283,"column":69}},"104":{"start":{"line":290,"column":8},"end":{"line":298,"column":9}},"105":{"start":{"line":292,"column":12},"end":{"line":292,"column":149}},"106":{"start":{"line":297,"column":12},"end":{"line":297,"column":82}},"107":{"start":{"line":303,"column":50},"end":{"line":303,"column":52}},"108":{"start":{"line":304,"column":8},"end":{"line":310,"column":9}},"109":{"start":{"line":305,"column":12},"end":{"line":309,"column":14}},"110":{"start":{"line":311,"column":8},"end":{"line":311,"column":22}},"111":{"start":{"line":315,"column":8},"end":{"line":315,"column":30}},"112":{"start":{"line":228,"column":0},"end":{"line":228,"column":13}}},"fnMap":{"0":{"name":"(anonymous_7)","decl":{"start":{"line":60,"column":4},"end":{"line":60,"column":16}},"loc":{"start":{"line":60,"column":38},"end":{"line":62,"column":5}}},"1":{"name":"(anonymous_8)","decl":{"start":{"line":65,"column":12},"end":{"line":65,"column":25}},"loc":{"start":{"line":65,"column":57},"end":{"line":79,"column":5}}},"2":{"name":"(anonymous_9)","decl":{"start":{"line":82,"column":12},"end":{"line":82,"column":28}},"loc":{"start":{"line":82,"column":92},"end":{"line":86,"column":5}}},"3":{"name":"(anonymous_10)","decl":{"start":{"line":89,"column":12},"end":{"line":89,"column":27}},"loc":{"start":{"line":89,"column":69},"end":{"line":99,"column":5}}},"4":{"name":"(anonymous_11)","decl":{"start":{"line":102,"column":12},"end":{"line":102,"column":33}},"loc":{"start":{"line":102,"column":70},"end":{"line":111,"column":5}}},"5":{"name":"(anonymous_12)","decl":{"start":{"line":114,"column":11},"end":{"line":114,"column":21}},"loc":{"start":{"line":114,"column":34},"end":{"line":178,"column":5}}},"6":{"name":"(anonymous_13)","decl":{"start":{"line":181,"column":11},"end":{"line":181,"column":16}},"loc":{"start":{"line":181,"column":16},"end":{"line":184,"column":5}}},"7":{"name":"(anonymous_14)","decl":{"start":{"line":186,"column":11},"end":{"line":186,"column":15}},"loc":{"start":{"line":186,"column":15},"end":{"line":189,"column":5}}},"8":{"name":"(anonymous_15)","decl":{"start":{"line":191,"column":11},"end":{"line":191,"column":20}},"loc":{"start":{"line":191,"column":20},"end":{"line":197,"column":5}}},"9":{"name":"(anonymous_16)","decl":{"start":{"line":199,"column":11},"end":{"line":199,"column":20}},"loc":{"start":{"line":199,"column":20},"end":{"line":201,"column":5}}},"10":{"name":"(anonymous_17)","decl":{"start":{"line":203,"column":11},"end":{"line":203,"column":21}},"loc":{"start":{"line":203,"column":21},"end":{"line":225,"column":5}}},"11":{"name":"(anonymous_18)","decl":{"start":{"line":204,"column":48},"end":{"line":204,"column":49}},"loc":{"start":{"line":204,"column":53},"end":{"line":204,"column":74}}},"12":{"name":"(anonymous_19)","decl":{"start":{"line":205,"column":50},"end":{"line":205,"column":51}},"loc":{"start":{"line":205,"column":55},"end":{"line":205,"column":71}}},"13":{"name":"(anonymous_20)","decl":{"start":{"line":206,"column":49},"end":{"line":206,"column":50}},"loc":{"start":{"line":206,"column":54},"end":{"line":206,"column":70}}},"14":{"name":"(anonymous_21)","decl":{"start":{"line":208,"column":45},"end":{"line":208,"column":46}},"loc":{"start":{"line":208,"column":57},"end":{"line":208,"column":75}}},"15":{"name":"(anonymous_22)","decl":{"start":{"line":210,"column":33},"end":{"line":210,"column":34}},"loc":{"start":{"line":210,"column":45},"end":{"line":210,"column":63}}},"16":{"name":"(anonymous_23)","decl":{"start":{"line":212,"column":41},"end":{"line":212,"column":42}},"loc":{"start":{"line":212,"column":53},"end":{"line":212,"column":71}}},"17":{"name":"(anonymous_24)","decl":{"start":{"line":233,"column":4},"end":{"line":233,"column":16}},"loc":{"start":{"line":233,"column":51},"end":{"line":235,"column":5}}},"18":{"name":"(anonymous_25)","decl":{"start":{"line":238,"column":11},"end":{"line":238,"column":22}},"loc":{"start":{"line":238,"column":61},"end":{"line":242,"column":5}}},"19":{"name":"(anonymous_26)","decl":{"start":{"line":245,"column":11},"end":{"line":245,"column":25}},"loc":{"start":{"line":245,"column":40},"end":{"line":252,"column":5}}},"20":{"name":"(anonymous_27)","decl":{"start":{"line":255,"column":17},"end":{"line":255,"column":25}},"loc":{"start":{"line":255,"column":25},"end":{"line":261,"column":null}}},"21":{"name":"(anonymous_29)","decl":{"start":{"line":264,"column":17},"end":{"line":264,"column":24}},"loc":{"start":{"line":264,"column":24},"end":{"line":270,"column":null}}},"22":{"name":"(anonymous_31)","decl":{"start":{"line":273,"column":11},"end":{"line":273,"column":28}},"loc":{"start":{"line":273,"column":57},"end":{"line":286,"column":5}}},"23":{"name":"(anonymous_32)","decl":{"start":{"line":289,"column":18},"end":{"line":289,"column":30}},"loc":{"start":{"line":289,"column":43},"end":{"line":299,"column":null}}},"24":{"name":"(anonymous_34)","decl":{"start":{"line":302,"column":11},"end":{"line":302,"column":30}},"loc":{"start":{"line":302,"column":30},"end":{"line":312,"column":5}}},"25":{"name":"(anonymous_35)","decl":{"start":{"line":314,"column":11},"end":{"line":314,"column":26}},"loc":{"start":{"line":314,"column":26},"end":{"line":316,"column":5}}}},"branchMap":{"0":{"loc":{"start":{"line":66,"column":8},"end":{"line":66,"column":43}},"type":"if","locations":[{"start":{"line":66,"column":8},"end":{"line":66,"column":43}}]},"1":{"loc":{"start":{"line":78,"column":15},"end":{"line":78,"column":67}},"type":"cond-expr","locations":[{"start":{"line":78,"column":33},"end":{"line":78,"column":63}},{"start":{"line":78,"column":66},"end":{"line":78,"column":67}}]},"2":{"loc":{"start":{"line":84,"column":15},"end":{"line":85,"column":71}},"type":"binary-expr","locations":[{"start":{"line":84,"column":15},"end":{"line":84,"column":41}},{"start":{"line":84,"column":45},"end":{"line":84,"column":68}},{"start":{"line":85,"column":12},"end":{"line":85,"column":71}}]},"3":{"loc":{"start":{"line":90,"column":8},"end":{"line":90,"column":48}},"type":"if","locations":[{"start":{"line":90,"column":8},"end":{"line":90,"column":48}}]},"4":{"loc":{"start":{"line":96,"column":15},"end":{"line":98,"column":59}},"type":"binary-expr","locations":[{"start":{"line":96,"column":15},"end":{"line":96,"column":41}},{"start":{"line":97,"column":12},"end":{"line":97,"column":57}},{"start":{"line":98,"column":12},"end":{"line":98,"column":59}}]},"5":{"loc":{"start":{"line":118,"column":8},"end":{"line":120,"column":9}},"type":"if","locations":[{"start":{"line":118,"column":8},"end":{"line":120,"column":9}}]},"6":{"loc":{"start":{"line":125,"column":8},"end":{"line":127,"column":9}},"type":"if","locations":[{"start":{"line":125,"column":8},"end":{"line":127,"column":9}}]},"7":{"loc":{"start":{"line":130,"column":29},"end":{"line":130,"column":109}},"type":"cond-expr","locations":[{"start":{"line":130,"column":56},"end":{"line":130,"column":95}},{"start":{"line":130,"column":98},"end":{"line":130,"column":109}}]},"8":{"loc":{"start":{"line":133,"column":8},"end":{"line":157,"column":9}},"type":"if","locations":[{"start":{"line":133,"column":8},"end":{"line":157,"column":9}}]},"9":{"loc":{"start":{"line":133,"column":12},"end":{"line":133,"column":116}},"type":"binary-expr","locations":[{"start":{"line":133,"column":12},"end":{"line":133,"column":33}},{"start":{"line":133,"column":37},"end":{"line":133,"column":50}},{"start":{"line":133,"column":54},"end":{"line":133,"column":116}}]},"10":{"loc":{"start":{"line":138,"column":12},"end":{"line":156,"column":13}},"type":"if","locations":[{"start":{"line":138,"column":12},"end":{"line":156,"column":13}}]},"11":{"loc":{"start":{"line":160,"column":8},"end":{"line":175,"column":9}},"type":"if","locations":[{"start":{"line":160,"column":8},"end":{"line":175,"column":9}}]},"12":{"loc":{"start":{"line":160,"column":12},"end":{"line":160,"column":83}},"type":"binary-expr","locations":[{"start":{"line":160,"column":12},"end":{"line":160,"column":32}},{"start":{"line":160,"column":36},"end":{"line":160,"column":83}}]},"13":{"loc":{"start":{"line":195,"column":18},"end":{"line":195,"column":62}},"type":"binary-expr","locations":[{"start":{"line":195,"column":18},"end":{"line":195,"column":57}},{"start":{"line":195,"column":61},"end":{"line":195,"column":62}}]},"14":{"loc":{"start":{"line":205,"column":56},"end":{"line":205,"column":66}},"type":"binary-expr","locations":[{"start":{"line":205,"column":56},"end":{"line":205,"column":61}},{"start":{"line":205,"column":65},"end":{"line":205,"column":66}}]},"15":{"loc":{"start":{"line":206,"column":55},"end":{"line":206,"column":65}},"type":"binary-expr","locations":[{"start":{"line":206,"column":55},"end":{"line":206,"column":60}},{"start":{"line":206,"column":64},"end":{"line":206,"column":65}}]},"16":{"loc":{"start":{"line":208,"column":64},"end":{"line":208,"column":74}},"type":"binary-expr","locations":[{"start":{"line":208,"column":64},"end":{"line":208,"column":69}},{"start":{"line":208,"column":73},"end":{"line":208,"column":74}}]},"17":{"loc":{"start":{"line":209,"column":23},"end":{"line":210,"column":94}},"type":"cond-expr","locations":[{"start":{"line":210,"column":12},"end":{"line":210,"column":90}},{"start":{"line":210,"column":93},"end":{"line":210,"column":94}}]},"18":{"loc":{"start":{"line":210,"column":52},"end":{"line":210,"column":62}},"type":"binary-expr","locations":[{"start":{"line":210,"column":52},"end":{"line":210,"column":57}},{"start":{"line":210,"column":61},"end":{"line":210,"column":62}}]},"19":{"loc":{"start":{"line":211,"column":24},"end":{"line":212,"column":102}},"type":"cond-expr","locations":[{"start":{"line":212,"column":12},"end":{"line":212,"column":98}},{"start":{"line":212,"column":101},"end":{"line":212,"column":102}}]},"20":{"loc":{"start":{"line":212,"column":60},"end":{"line":212,"column":70}},"type":"binary-expr","locations":[{"start":{"line":212,"column":60},"end":{"line":212,"column":65}},{"start":{"line":212,"column":69},"end":{"line":212,"column":70}}]},"21":{"loc":{"start":{"line":218,"column":21},"end":{"line":218,"column":101}},"type":"cond-expr","locations":[{"start":{"line":218,"column":47},"end":{"line":218,"column":97}},{"start":{"line":218,"column":100},"end":{"line":218,"column":101}}]},"22":{"loc":{"start":{"line":221,"column":26},"end":{"line":221,"column":60}},"type":"cond-expr","locations":[{"start":{"line":221,"column":40},"end":{"line":221,"column":56}},{"start":{"line":221,"column":59},"end":{"line":221,"column":60}}]},"23":{"loc":{"start":{"line":247,"column":8},"end":{"line":251,"column":9}},"type":"if","locations":[{"start":{"line":247,"column":8},"end":{"line":251,"column":9}}]},"24":{"loc":{"start":{"line":275,"column":8},"end":{"line":285,"column":9}},"type":"if","locations":[{"start":{"line":275,"column":8},"end":{"line":285,"column":9}}]},"25":{"loc":{"start":{"line":278,"column":12},"end":{"line":284,"column":13}},"type":"if","locations":[{"start":{"line":278,"column":12},"end":{"line":284,"column":13}},{"start":{"line":281,"column":19},"end":{"line":284,"column":13}}]},"26":{"loc":{"start":{"line":278,"column":16},"end":{"line":278,"column":57}},"type":"binary-expr","locations":[{"start":{"line":278,"column":16},"end":{"line":278,"column":41}},{"start":{"line":278,"column":45},"end":{"line":278,"column":57}}]},"27":{"loc":{"start":{"line":281,"column":19},"end":{"line":284,"column":13}},"type":"if","locations":[{"start":{"line":281,"column":19},"end":{"line":284,"column":13}}]},"28":{"loc":{"start":{"line":281,"column":23},"end":{"line":281,"column":63}},"type":"binary-expr","locations":[{"start":{"line":281,"column":23},"end":{"line":281,"column":47}},{"start":{"line":281,"column":51},"end":{"line":281,"column":63}}]},"29":{"loc":{"start":{"line":292,"column":110},"end":{"line":292,"column":145}},"type":"binary-expr","locations":[{"start":{"line":292,"column":110},"end":{"line":292,"column":126}},{"start":{"line":292,"column":130},"end":{"line":292,"column":145}}]}},"s":{"0":0,"1":0,"2":0,"3":0,"4":0,"5":0,"6":0,"7":0,"8":0,"9":0,"10":0,"11":0,"12":0,"13":0,"14":0,"15":0,"16":0,"17":0,"18":0,"19":0,"20":0,"21":0,"22":0,"23":0,"24":0,"25":0,"26":0,"27":0,"28":0,"29":0,"30":0,"31":0,"32":0,"33":0,"34":0,"35":0,"36":0,"37":0,"38":0,"39":0,"40":0,"41":0,"42":0,"43":0,"44":0,"45":0,"46":0,"47":0,"48":0,"49":0,"50":0,"51":0,"52":0,"53":0,"54":0,"55":0,"56":0,"57":0,"58":0,"59":0,"60":0,"61":0,"62":0,"63":0,"64":0,"65":0,"66":0,"67":0,"68":0,"69":0,"70":0,"71":0,"72":0,"73":0,"74":0,"75":2,"76":2,"77":2,"78":2,"79":0,"80":0,"81":0,"82":0,"83":0,"84":0,"85":0,"86":0,"87":0,"88":0,"89":0,"90":0,"91":0,"92":0,"93":0,"94":0,"95":0,"96":0,"97":0,"98":0,"99":0,"100":0,"101":0,"102":0,"103":0,"104":0,"105":0,"106":0,"107":0,"108":0,"109":0,"110":0,"111":0,"112":2},"f":{"0":0,"1":0,"2":0,"3":0,"4":0,"5":0,"6":0,"7":0,"8":0,"9":0,"10":0,"11":0,"12":0,"13":0,"14":0,"15":0,"16":0,"17":2,"18":0,"19":0,"20":0,"21":0,"22":0,"23":0,"24":0,"25":0},"b":{"0":[0],"1":[0,0],"2":[0,0,0],"3":[0],"4":[0,0,0],"5":[0],"6":[0],"7":[0,0],"8":[0],"9":[0,0,0],"10":[0],"11":[0],"12":[0,0],"13":[0,0],"14":[0,0],"15":[0,0],"16":[0,0],"17":[0,0],"18":[0,0],"19":[0,0],"20":[0,0],"21":[0,0],"22":[0,0],"23":[0],"24":[0],"25":[0,0],"26":[0,0],"27":[0],"28":[0,0],"29":[0,0]}}
}
