TN:
SF:src/index.ts
FN:10,(anonymous_1)
FN:37,(anonymous_2)
FN:46,(anonymous_3)
FN:59,(anonymous_4)
FN:69,(anonymous_5)
FNF:5
FNH:3
FNDA:9,(anonymous_1)
FNDA:9,(anonymous_2)
FNDA:0,(anonymous_3)
FNDA:0,(anonymous_4)
FNDA:1,(anonymous_5)
DA:1,1
DA:2,1
DA:3,1
DA:5,1
DA:6,1
DA:9,1
DA:12,9
DA:15,0
DA:16,0
DA:20,0
DA:25,0
DA:26,0
DA:30,0
DA:34,1
DA:37,1
DA:38,9
DA:39,9
DA:43,1
DA:46,1
DA:47,0
DA:59,1
DA:60,0
DA:61,0
DA:69,1
DA:70,1
DA:71,1
DA:74,1
LF:27
LH:18
BRDA:6,0,0,1
BRDA:6,0,1,1
BRDA:12,1,0,9
BRDA:15,2,0,0
BRDA:15,3,0,0
BRDA:15,3,1,0
BRDA:25,4,0,0
BRDA:63,5,0,0
BRDA:63,5,1,0
BRF:9
BRH:3
end_of_record
TN:
SF:src/routes/api.ts
FN:14,(anonymous_1)
FN:23,(anonymous_2)
FN:36,(anonymous_3)
FN:46,(anonymous_4)
FN:78,(anonymous_5)
FN:87,(anonymous_6)
FN:114,(anonymous_7)
FN:157,(anonymous_8)
FNF:8
FNH:7
FNDA:5,(anonymous_1)
FNDA:2,(anonymous_2)
FNDA:1,(anonymous_3)
FNDA:5,(anonymous_4)
FNDA:0,(anonymous_5)
FNDA:5,(anonymous_6)
FNDA:4,(anonymous_7)
FNDA:3,(anonymous_8)
DA:1,2
DA:2,2
DA:3,2
DA:4,2
DA:6,2
DA:9,2
DA:11,2
DA:14,2
DA:15,5
DA:23,2
DA:24,2
DA:25,2
DA:26,2
DA:28,0
DA:36,2
DA:37,1
DA:46,2
DA:47,5
DA:48,5
DA:49,5
DA:51,5
DA:70,0
DA:78,2
DA:79,0
DA:87,2
DA:88,5
DA:90,5
DA:92,5
DA:104,5
DA:106,0
DA:114,2
DA:115,4
DA:117,4
DA:119,4
DA:120,4
DA:121,4
DA:123,4
DA:124,400
DA:125,400
DA:126,400
DA:127,400
DA:128,400
DA:129,400
DA:131,400
DA:141,4
DA:149,0
DA:157,2
DA:158,3
DA:160,3
DA:172,3
DA:181,0
DA:188,2
LF:52
LH:46
BRDA:30,0,0,0
BRDA:30,0,1,0
BRDA:56,1,0,0
BRDA:56,1,1,5
BRDA:72,2,0,0
BRDA:72,2,1,0
BRDA:108,3,0,0
BRDA:108,3,1,0
BRDA:151,4,0,0
BRDA:151,4,1,0
BRDA:183,5,0,0
BRDA:183,5,1,0
BRF:12
BRH:1
end_of_record
TN:
SF:src/services/ibClientPortalService.ts
FN:62,(anonymous_8)
FN:78,(anonymous_9)
FN:111,(anonymous_11)
FN:130,(anonymous_13)
FN:143,(anonymous_15)
FN:160,(anonymous_17)
FN:191,(anonymous_19)
FN:191,(anonymous_20)
FN:208,(anonymous_21)
FN:244,(anonymous_23)
FN:261,(anonymous_25)
FN:278,(anonymous_27)
FN:285,(anonymous_28)
FN:292,(anonymous_29)
FN:293,(anonymous_30)
FN:293,(anonymous_31)
FNF:16
FNH:11
FNDA:23,(anonymous_8)
FNDA:5,(anonymous_9)
FNDA:2,(anonymous_11)
FNDA:2,(anonymous_13)
FNDA:3,(anonymous_15)
FNDA:2,(anonymous_17)
FNDA:2,(anonymous_19)
FNDA:2,(anonymous_20)
FNDA:0,(anonymous_21)
FNDA:0,(anonymous_23)
FNDA:0,(anonymous_25)
FNDA:9,(anonymous_27)
FNDA:1,(anonymous_28)
FNDA:1,(anonymous_29)
FNDA:0,(anonymous_30)
FNDA:0,(anonymous_31)
DA:1,3
DA:2,3
DA:51,23
DA:56,23
DA:64,23
DA:72,23
DA:79,5
DA:80,5
DA:82,2
DA:88,2
DA:89,2
DA:91,0
DA:95,3
DA:96,3
DA:102,3
DA:105,5
DA:112,2
DA:113,2
DA:115,1
DA:116,1
DA:117,1
DA:120,0
DA:122,1
DA:123,1
DA:131,2
DA:132,2
DA:133,1
DA:135,1
DA:136,1
DA:144,3
DA:145,1
DA:148,2
DA:149,2
DA:150,1
DA:152,1
DA:153,1
DA:161,2
DA:162,1
DA:165,1
DA:166,1
DA:167,1
DA:169,1
DA:183,0
DA:184,0
DA:191,2
DA:192,2
DA:193,1
DA:196,1
DA:197,1
DA:198,1
DA:200,0
DA:201,0
DA:209,0
DA:210,0
DA:213,0
DA:214,0
DA:223,0
DA:227,0
DA:229,0
DA:236,0
DA:237,0
DA:245,0
DA:246,0
DA:249,0
DA:250,0
DA:251,0
DA:253,0
DA:254,0
DA:262,0
DA:263,0
DA:266,0
DA:267,0
DA:268,0
DA:270,0
DA:271,0
DA:279,9
DA:286,1
DA:293,1
DA:294,0
DA:295,0
DA:297,0
DA:303,3
LF:82
LH:50
BRDA:52,0,0,23
BRDA:52,0,1,23
BRDA:83,1,0,2
BRDA:83,1,1,0
BRDA:84,2,0,2
BRDA:84,2,1,0
BRDA:88,3,0,2
BRDA:88,3,1,0
BRDA:88,4,0,2
BRDA:88,4,1,2
BRDA:95,5,0,1
BRDA:95,5,1,2
BRDA:115,6,0,1
BRDA:144,7,0,1
BRDA:150,8,0,1
BRDA:150,8,1,0
BRDA:161,9,0,1
BRDA:167,10,0,1
BRDA:167,10,1,0
BRDA:170,11,0,1
BRDA:170,11,1,0
BRDA:172,12,0,1
BRDA:172,12,1,0
BRDA:173,13,0,1
BRDA:173,13,1,0
BRDA:174,14,0,1
BRDA:174,14,1,0
BRDA:175,15,0,1
BRDA:175,15,1,1
BRDA:176,16,0,1
BRDA:176,16,1,1
BRDA:177,17,0,1
BRDA:177,17,1,0
BRDA:191,18,0,1
BRDA:191,19,0,1
BRDA:192,20,0,1
BRDA:198,21,0,1
BRDA:198,21,1,0
BRDA:209,22,0,0
BRDA:219,23,0,0
BRDA:219,23,1,0
BRDA:220,24,0,0
BRDA:220,24,1,0
BRDA:227,25,0,0
BRDA:227,25,1,0
BRDA:230,26,0,0
BRDA:230,26,1,0
BRDA:230,26,2,0
BRDA:231,27,0,0
BRDA:231,27,1,0
BRDA:245,28,0,0
BRDA:262,29,0,0
BRDA:268,30,0,0
BRDA:268,30,1,0
BRDA:279,31,0,9
BRDA:279,31,1,5
BRF:56
BRH:29
end_of_record
TN:
SF:src/services/ibService.ts
FN:51,(anonymous_7)
FN:62,(anonymous_8)
FN:118,(anonymous_10)
FN:137,(anonymous_12)
FN:144,(anonymous_13)
FN:151,(anonymous_14)
FN:158,(anonymous_15)
FN:158,(anonymous_16)
FN:163,(anonymous_17)
FN:183,(anonymous_18)
FN:215,(anonymous_19)
FN:237,(anonymous_21)
FN:241,(anonymous_22)
FN:247,(anonymous_23)
FN:254,(anonymous_24)
FN:266,(anonymous_25)
FN:271,(anonymous_26)
FN:276,(anonymous_27)
FN:314,(anonymous_28)
FN:315,(anonymous_29)
FN:318,(anonymous_30)
FN:335,(anonymous_31)
FNF:22
FNH:3
FNDA:2,(anonymous_7)
FNDA:0,(anonymous_8)
FNDA:0,(anonymous_10)
FNDA:2,(anonymous_12)
FNDA:5,(anonymous_13)
FNDA:0,(anonymous_14)
FNDA:0,(anonymous_15)
FNDA:0,(anonymous_16)
FNDA:0,(anonymous_17)
FNDA:0,(anonymous_18)
FNDA:0,(anonymous_19)
FNDA:0,(anonymous_21)
FNDA:0,(anonymous_22)
FNDA:0,(anonymous_23)
FNDA:0,(anonymous_24)
FNDA:0,(anonymous_25)
FNDA:0,(anonymous_26)
FNDA:0,(anonymous_27)
FNDA:0,(anonymous_28)
FNDA:0,(anonymous_29)
FNDA:0,(anonymous_30)
FNDA:0,(anonymous_31)
DA:1,2
DA:29,2
DA:30,2
DA:35,2
DA:42,2
DA:49,2
DA:52,2
DA:63,0
DA:64,0
DA:65,0
DA:66,0
DA:69,0
DA:72,0
DA:79,0
DA:82,0
DA:85,0
DA:87,0
DA:88,0
DA:92,0
DA:94,0
DA:99,0
DA:103,0
DA:104,0
DA:109,0
DA:112,0
DA:119,0
DA:120,0
DA:121,0
DA:122,0
DA:123,0
DA:127,0
DA:129,0
DA:138,2
DA:145,5
DA:152,0
DA:158,0
DA:159,0
DA:160,0
DA:163,0
DA:164,0
DA:167,0
DA:175,0
DA:183,0
DA:184,0
DA:185,0
DA:186,0
DA:188,0
DA:192,0
DA:200,0
DA:202,0
DA:203,0
DA:205,0
DA:206,0
DA:207,0
DA:216,0
DA:217,0
DA:222,0
DA:231,0
DA:238,0
DA:241,0
DA:242,0
DA:243,0
DA:244,0
DA:247,0
DA:248,0
DA:249,0
DA:250,0
DA:254,0
DA:255,0
DA:258,0
DA:259,0
DA:260,0
DA:261,0
DA:266,0
DA:267,0
DA:271,0
DA:272,0
DA:276,0
DA:277,0
DA:278,0
DA:281,0
DA:283,0
DA:284,0
DA:286,0
DA:287,0
DA:289,0
DA:290,0
DA:292,0
DA:293,0
DA:297,0
DA:315,0
DA:316,0
DA:318,0
DA:319,0
DA:320,0
DA:321,0
DA:322,0
DA:324,0
DA:328,0
DA:336,0
DA:337,0
DA:339,0
DA:342,0
DA:343,0
DA:344,0
DA:347,0
DA:348,0
DA:352,0
DA:364,0
DA:370,2
DA:371,2
LF:111
LH:11
BRDA:36,0,0,2
BRDA:36,0,1,2
BRDA:37,1,0,2
BRDA:37,1,1,2
BRDA:38,2,0,2
BRDA:38,2,1,2
BRDA:64,3,0,0
BRDA:87,4,0,0
BRDA:87,4,1,0
BRDA:103,5,0,0
BRDA:103,5,1,0
BRDA:119,6,0,0
BRDA:145,7,0,5
BRDA:145,7,1,0
BRDA:158,8,0,0
BRDA:158,9,0,0
BRDA:159,10,0,0
BRDA:159,11,0,0
BRDA:159,11,1,0
BRDA:185,12,0,0
BRDA:216,13,0,0
BRDA:216,14,0,0
BRDA:216,14,1,0
BRDA:238,15,0,0
BRDA:258,16,0,0
BRDA:258,17,0,0
BRDA:258,17,1,0
BRDA:278,18,0,0
BRDA:281,19,0,0
BRDA:281,19,1,0
BRDA:281,19,2,0
BRDA:281,19,3,0
BRDA:319,20,0,0
BRDA:319,20,1,0
BRDA:321,21,0,0
BRDA:321,21,1,0
BRDA:337,22,0,0
BRDA:342,23,0,0
BRDA:342,24,0,0
BRDA:342,24,1,0
BRDA:342,24,2,0
BRDA:347,25,0,0
BRDA:353,26,0,0
BRDA:353,26,1,0
BRDA:354,27,0,0
BRDA:354,27,1,0
BRDA:355,28,0,0
BRDA:355,28,1,0
BRDA:356,29,0,0
BRDA:356,29,1,0
BRDA:357,30,0,0
BRDA:357,30,1,0
BRDA:358,31,0,0
BRDA:358,31,1,0
BRDA:359,32,0,0
BRDA:359,32,1,0
BRDA:360,33,0,0
BRDA:360,33,1,0
BRDA:361,34,0,0
BRDA:361,34,1,0
BRF:60
BRH:7
end_of_record
TN:
SF:src/services/strategyEngine.ts
FN:60,(anonymous_7)
FN:65,(anonymous_8)
FN:82,(anonymous_9)
FN:89,(anonymous_10)
FN:102,(anonymous_11)
FN:114,(anonymous_12)
FN:181,(anonymous_13)
FN:186,(anonymous_14)
FN:191,(anonymous_15)
FN:199,(anonymous_16)
FN:203,(anonymous_17)
FN:204,(anonymous_18)
FN:205,(anonymous_19)
FN:206,(anonymous_20)
FN:208,(anonymous_21)
FN:210,(anonymous_22)
FN:212,(anonymous_23)
FN:233,(anonymous_24)
FN:238,(anonymous_25)
FN:245,(anonymous_26)
FN:255,(anonymous_27)
FN:264,(anonymous_29)
FN:273,(anonymous_31)
FN:289,(anonymous_32)
FN:302,(anonymous_34)
FN:314,(anonymous_35)
FNF:26
FNH:1
FNDA:0,(anonymous_7)
FNDA:0,(anonymous_8)
FNDA:0,(anonymous_9)
FNDA:0,(anonymous_10)
FNDA:0,(anonymous_11)
FNDA:0,(anonymous_12)
FNDA:0,(anonymous_13)
FNDA:0,(anonymous_14)
FNDA:0,(anonymous_15)
FNDA:0,(anonymous_16)
FNDA:0,(anonymous_17)
FNDA:0,(anonymous_18)
FNDA:0,(anonymous_19)
FNDA:0,(anonymous_20)
FNDA:0,(anonymous_21)
FNDA:0,(anonymous_22)
FNDA:0,(anonymous_23)
FNDA:2,(anonymous_24)
FNDA:0,(anonymous_25)
FNDA:0,(anonymous_26)
FNDA:0,(anonymous_27)
FNDA:0,(anonymous_29)
FNDA:0,(anonymous_31)
FNDA:0,(anonymous_32)
FNDA:0,(anonymous_34)
FNDA:0,(anonymous_35)
DA:52,2
DA:54,0
DA:55,0
DA:56,0
DA:57,0
DA:58,0
DA:61,0
DA:66,0
DA:68,0
DA:69,0
DA:70,0
DA:72,0
DA:73,0
DA:74,0
DA:75,0
DA:78,0
DA:84,0
DA:90,0
DA:96,0
DA:103,0
DA:104,0
DA:107,0
DA:108,0
DA:110,0
DA:115,0
DA:118,0
DA:119,0
DA:122,0
DA:123,0
DA:125,0
DA:126,0
DA:129,0
DA:130,0
DA:133,0
DA:134,0
DA:135,0
DA:136,0
DA:138,0
DA:139,0
DA:152,0
DA:153,0
DA:155,0
DA:160,0
DA:161,0
DA:162,0
DA:163,0
DA:165,0
DA:166,0
DA:167,0
DA:168,0
DA:169,0
DA:171,0
DA:172,0
DA:174,0
DA:177,0
DA:182,0
DA:183,0
DA:187,0
DA:188,0
DA:192,0
DA:200,0
DA:204,0
DA:205,0
DA:206,0
DA:208,0
DA:209,0
DA:210,0
DA:211,0
DA:212,0
DA:214,0
DA:228,2
DA:230,2
DA:231,2
DA:234,2
DA:239,0
DA:240,0
DA:241,0
DA:246,0
DA:247,0
DA:248,0
DA:249,0
DA:250,0
DA:256,0
DA:257,0
DA:258,0
DA:260,0
DA:265,0
DA:266,0
DA:267,0
DA:269,0
DA:274,0
DA:275,0
DA:276,0
DA:278,0
DA:279,0
DA:280,0
DA:281,0
DA:282,0
DA:283,0
DA:290,0
DA:292,0
DA:297,0
DA:303,0
DA:304,0
DA:305,0
DA:311,0
DA:315,0
LF:107
LH:5
BRDA:66,0,0,0
BRDA:78,1,0,0
BRDA:78,1,1,0
BRDA:84,2,0,0
BRDA:84,2,1,0
BRDA:84,2,2,0
BRDA:90,3,0,0
BRDA:96,4,0,0
BRDA:96,4,1,0
BRDA:96,4,2,0
BRDA:118,5,0,0
BRDA:125,6,0,0
BRDA:130,7,0,0
BRDA:130,7,1,0
BRDA:133,8,0,0
BRDA:133,9,0,0
BRDA:133,9,1,0
BRDA:133,9,2,0
BRDA:138,10,0,0
BRDA:160,11,0,0
BRDA:160,12,0,0
BRDA:160,12,1,0
BRDA:195,13,0,0
BRDA:195,13,1,0
BRDA:205,14,0,0
BRDA:205,14,1,0
BRDA:206,15,0,0
BRDA:206,15,1,0
BRDA:208,16,0,0
BRDA:208,16,1,0
BRDA:209,17,0,0
BRDA:209,17,1,0
BRDA:210,18,0,0
BRDA:210,18,1,0
BRDA:211,19,0,0
BRDA:211,19,1,0
BRDA:212,20,0,0
BRDA:212,20,1,0
BRDA:218,21,0,0
BRDA:218,21,1,0
BRDA:221,22,0,0
BRDA:221,22,1,0
BRDA:247,23,0,0
BRDA:275,24,0,0
BRDA:278,25,0,0
BRDA:278,25,1,0
BRDA:278,26,0,0
BRDA:278,26,1,0
BRDA:281,27,0,0
BRDA:281,28,0,0
BRDA:281,28,1,0
BRDA:292,29,0,0
BRDA:292,29,1,0
BRF:53
BRH:0
end_of_record
